socrun --flow sim --build VerifDebug --test fll/e0_phase2/pixie_fll_from_file_test_E0_phase2_aux_test_49.cfg --seed 0
socrun --flow sim --build VerifDebug --test fll/e0_phase2/pixie_fll_from_file_test_E0_phase2_lo_test_40.cfg --seed 0
socrun --flow sim --build VerifDebug --test fll/e0_phase2/pixie_fll_from_file_test_E0_phase2_aux_test_47.cfg --seed 0
socrun --flow sim --build VerifDebug --test fll/e0_phase2/pixie_fll_from_file_test_E0_phase2_aux_test_12.cfg --seed 0
socrun --flow sim --build VerifDebug --test fll/e0_phase2/pixie_fll_from_file_test_E0_phase2_aux_test_22.cfg --seed 0
socrun --flow sim --build VerifDebug --test fll/e0_phase2/pixie_fll_from_file_test_E0_phase2_aux_test_82.cfg --seed 0
socrun --flow sim --build VerifDebug --test fll/e0_phase2/pixie_fll_from_file_test_E0_phase2_aux_test_20.cfg --seed 0
socrun --flow sim --build VerifDebug --test fll/e0_phase2/pixie_fll_from_file_test_E0_phase2_aux_test_65.cfg --seed 0
socrun --flow sim --build Debug --test pixie_e0_fw_basic_test_e0_oper_basic.cfg --seed 0
socrun --flow sim --build VerifDebug --test fll/e0_phase2/pixie_fll_from_file_test_E0_phase2_aux_test_75.cfg --seed 0
socrun --flow sim --build VerifDebug --test fll/e0_phase2/pixie_fll_from_file_test_E0_phase2_aux_test_59.cfg --seed 0
socrun --flow sim --build VerifDebug --test fll/e0_phase2/pixie_fll_from_file_test_E0_phase2_aux_test_0.cfg --seed 0
socrun --flow sim --build VerifDebug --test fll/e0_phase2/pixie_fll_from_file_test_E0_phase2_aux_test_78.cfg --seed 0
socrun --flow sim --build VerifDebug --test fll/e0_phase2/pixie_fll_from_file_test_E0_phase2_aux_test_98.cfg --seed 0
socrun --flow sim --build Debug --test e0_fsm/pixie_fw_dev_oper_test_e4_fsm_real_timing.cfg --seed 0
socrun --flow sim --build VerifDebug --test fll/e0_phase2/pixie_fll_from_file_test_E0_phase2_aux_test_35.cfg --seed 0
socrun --flow sim --build VerifDebug --test fll/e0_phase2/pixie_fll_from_file_test_E0_phase2_lo_test_35.cfg --seed 0
socrun --flow sim --build VerifDebug --test fll/e0_phase2/pixie_fll_from_file_test_E0_phase2_aux_test_46.cfg --seed 0
socrun --flow sim --build VerifDebug --test fll/e0_phase2/pixie_fll_from_file_test_E0_phase2_lo_test_38.cfg --seed 0
socrun --flow sim --build VerifDebug --test fll/e0_phase2/pixie_fll_from_file_test_E0_phase2_aux_test_5.cfg --seed 0
socrun --flow sim --build VerifDebug --test fll/e0_phase2/pixie_fll_from_file_test_E0_phase2_lo_test_26.cfg --seed 0
socrun --flow sim --build VerifDebug --test fll/e0_phase2/pixie_fll_from_file_test_E0_phase2_aux_test_76.cfg --seed 0
socrun --flow sim --build VerifDebug --test fll/e0_phase2/pixie_fll_from_file_test_E0_phase2_aux_test_32.cfg --seed 0
socrun --flow sim --build VerifDebug --test fll/e0_phase2/pixie_fll_from_file_test_E0_phase2_aux_test_50.cfg --seed 0
socrun --flow sim --build VerifDebug --test fll/e0_phase2/pixie_fll_from_file_test_E0_phase2_aux_test_37.cfg --seed 0
socrun --flow sim --build VerifDebug --test fll/e0_phase2/pixie_fll_from_file_test_E0_phase2_lo_test_10.cfg --seed 0
socrun --flow sim --build VerifDebug --test fll/e0_phase2/pixie_fll_from_file_test_E0_phase2_aux_test_97.cfg --seed 0
socrun --flow sim --build VerifDebug --test fll/e0_phase2/pixie_fll_from_file_test_E0_phase2_aux_test_60.cfg --seed 0
socrun --flow sim --build Debug --test e0_fsm/pixie_fw_dev_oper_test_e3_fsm_real_timing.cfg --seed 0
socrun --flow sim --build VerifDebug --test fll/e0_phase2/pixie_fll_from_file_test_E0_phase2_lo_test_34.cfg --seed 0
socrun --flow sim --build Debug --test e0_fsm/pixie_fw_dev_oper_test_e3_fsm_real_timing.cfg --seed 830019170
socrun --flow sim --build VerifDebug --test fll/e0_phase2/pixie_fll_from_file_test_E0_phase2_aux_test_81.cfg --seed 0
socrun --flow sim --build VerifDebug --test fll/e0_phase2/pixie_fll_from_file_test_E0_phase2_lo_test_15.cfg --seed 0
socrun --flow sim --build VerifDebug --test fll/e0_phase2/pixie_fll_from_file_test_E0_phase2_lo_test_21.cfg --seed 0
socrun --flow sim --build VerifDebug --test fll/e0_phase2/pixie_fll_from_file_test_E0_phase2_lo_test_20.cfg --seed 0
socrun --flow sim --build VerifDebug --test fll/e0_phase2/pixie_fll_from_file_test_E0_phase2_lo_test_32.cfg --seed 0
socrun --flow sim --build VerifDebug --test fll/e0_phase2/pixie_fll_from_file_test_E0_phase2_aux_test_64.cfg --seed 0
socrun --flow sim --build VerifDebug --test fll/e0_phase2/pixie_fll_from_file_test_E0_phase2_aux_test_39.cfg --seed 0
socrun --flow sim --build VerifDebug --test fll/e0_phase2/pixie_fll_from_file_test_E0_phase2_aux_test_15.cfg --seed 0
socrun --flow sim --build VerifDebug --test fll/e0_phase2/pixie_fll_from_file_test_E0_phase2_aux_test_9.cfg --seed 0
socrun --flow sim --build VerifDebug --test fll/e0_phase2/pixie_fll_from_file_test_E0_phase2_lo_test_11.cfg --seed 0
socrun --flow sim --build VerifDebug --test fll/e0_phase2/pixie_fll_from_file_test_E0_phase2_aux_test_23.cfg --seed 0
socrun --flow sim --build VerifDebug --test fll/e0_phase2/pixie_fll_from_file_test_E0_phase2_lo_test_39.cfg --seed 0
socrun --flow sim --build VerifDebug --test fll/e0_phase2/pixie_fll_from_file_test_E0_phase2_lo_test_36.cfg --seed 0
socrun --flow sim --build VerifDebug --test fll/e0_phase2/pixie_fll_from_file_test_E0_phase2_lo_test_16.cfg --seed 0
socrun --flow sim --build VerifDebug --test fll/e0_phase2/pixie_fll_from_file_test_E0_phase2_aux_test_85.cfg --seed 0
socrun --flow sim --build VerifDebug --test fll/e0_phase2/pixie_fll_from_file_test_E0_phase2_lo_test_2.cfg --seed 0
socrun --flow sim --build VerifDebug --test fll/e0_phase2/pixie_fll_from_file_test_E0_phase2_aux_test_27.cfg --seed 0
socrun --flow sim --build VerifDebug --test fll/e0_phase2/pixie_fll_from_file_test_E0_phase2_aux_test_2.cfg --seed 0
socrun --flow sim --build VerifDebug --test fll/e0_phase2/pixie_fll_from_file_test_E0_phase2_aux_test_40.cfg --seed 0
socrun --flow sim --build VerifDebug --test fll/e0_phase2/pixie_fll_from_file_test_E0_phase2_lo_test_29.cfg --seed 0
socrun --flow sim --build VerifDebug --test fll/e0_phase2/pixie_fll_from_file_test_E0_phase2_aux_test_66.cfg --seed 0
socrun --flow sim --build Debug --test e0_fsm/pixie_fw_dev_oper_test_e3_fsm_real_timing.cfg --seed 1055908634
socrun --flow sim --build VerifDebug --test fll/e0_phase2/pixie_fll_from_file_test_E0_phase2_aux_test_16.cfg --seed 0
socrun --flow sim --build VerifDebug --test fll/e0_phase2/pixie_fll_from_file_test_E0_phase2_aux_test_31.cfg --seed 0
socrun --flow sim --build VerifDebug --test fll/e0_phase2/pixie_fll_from_file_test_E0_phase2_lo_test_19.cfg --seed 0
socrun --flow sim --build VerifDebug --test fll/e0_phase2/pixie_fll_from_file_test_E0_phase2_aux_test_48.cfg --seed 0
socrun --flow sim --build VerifDebug --test fll/e0_phase2/pixie_fll_from_file_test_E0_phase2_aux_test_44.cfg --seed 0
socrun --flow sim --build Debug --test e0_fsm/pixie_fw_dev_oper_test_e2_BLE5.cfg --seed 0
socrun --flow sim --build VerifDebug --test fll/e0_phase2/pixie_fll_from_file_test_E0_phase2_lo_test_0.cfg --seed 0
socrun --flow sim --build VerifDebug --test fll/e0_phase2/pixie_fll_from_file_test_E0_phase2_lo_test_28.cfg --seed 0
socrun --flow sim --build VerifDebug --test fll/e0_phase2/pixie_fll_from_file_test_E0_phase2_aux_test_72.cfg --seed 0
socrun --flow sim --build VerifDebug --test fll/e0_phase2/pixie_fll_from_file_test_E0_phase2_aux_test_11.cfg --seed 0
socrun --flow sim --build VerifDebug --test fll/e0_phase2/pixie_fll_from_file_test_E0_phase2_lo_test_1.cfg --seed 0
socrun --flow sim --build VerifDebug --test fll/e0_phase2/pixie_fll_from_file_test_E0_phase2_aux_test_19.cfg --seed 0
socrun --flow sim --build VerifDebug --test fll/e0_phase2/pixie_fll_from_file_test_E0_phase2_aux_test_7.cfg --seed 0
socrun --flow sim --build VerifDebug --test fll/e0_phase2/pixie_fll_from_file_test_E0_phase2_aux_test_62.cfg --seed 0
socrun --flow sim --build VerifDebug --test fll/e0_phase2/pixie_fll_from_file_test_E0_phase2_aux_test_87.cfg --seed 0
socrun --flow sim --build VerifDebug --test fll/e0_phase2/pixie_fll_from_file_test_E0_phase2_aux_test_90.cfg --seed 0
socrun --flow sim --build VerifDebug --test fll/e0_phase2/pixie_fll_from_file_test_E0_phase2_aux_test_4.cfg --seed 0
socrun --flow sim --build VerifDebug --test fll/e0_phase2/pixie_fll_from_file_test_E0_phase2_lo_test_31.cfg --seed 0
socrun --flow sim --build VerifDebug --test fll/e0_phase2/pixie_fll_from_file_test_E0_phase2_aux_test_94.cfg --seed 0
socrun --flow sim --build VerifDebug --test fll/e0_phase2/pixie_fll_from_file_test_E0_phase2_aux_test_89.cfg --seed 0
socrun --flow sim --build VerifDebug --test fll/e0_phase2/pixie_fll_from_file_test_E0_phase2_aux_test_51.cfg --seed 0
socrun --flow sim --build VerifDebug --test fll/e0_phase2/pixie_fll_from_file_test_E0_phase2_lo_test_13.cfg --seed 0
socrun --flow sim --build Debug --test e0_fsm/pixie_fw_dev_oper_test_e3_fsm_real_timing.cfg --seed 384153643
socrun --flow sim --build VerifDebug --test fll/e0_phase2/pixie_fll_from_file_test_E0_phase2_aux_test_52.cfg --seed 0
socrun --flow sim --build VerifDebug --test fll/e0_phase2/pixie_fll_from_file_test_E0_phase2_aux_test_70.cfg --seed 0
socrun --flow sim --build VerifDebug --test fll/e0_phase2/pixie_fll_from_file_test_E0_phase2_aux_test_3.cfg --seed 0
socrun --flow sim --build VerifDebug --test fll/e0_phase2/pixie_fll_from_file_test_E0_phase2_aux_test_88.cfg --seed 0
socrun --flow sim --build VerifDebug --test fll/e0_phase2/pixie_fll_from_file_test_E0_phase2_aux_test_17.cfg --seed 0
socrun --flow sim --build VerifDebug --test fll/e0_phase2/pixie_fll_from_file_test_E0_phase2_aux_test_34.cfg --seed 0
socrun --flow sim --build VerifDebug --test fll/e0_phase2/pixie_fll_from_file_test_E0_phase2_aux_test_29.cfg --seed 0
socrun --flow sim --build VerifDebug --test fll/e0_phase2/pixie_fll_from_file_test_E0_phase2_aux_test_24.cfg --seed 0
socrun --flow sim --build VerifDebug --test fll/e0_phase2/pixie_fll_from_file_test_E0_phase2_aux_test_91.cfg --seed 0
socrun --flow sim --build VerifDebug --test fll/e0_phase2/pixie_fll_from_file_test_E0_phase2_aux_test_38.cfg --seed 0
socrun --flow sim --build VerifDebug --test fll/e0_phase2/pixie_fll_from_file_test_E0_phase2_aux_test_67.cfg --seed 0
socrun --flow sim --build VerifDebug --test fll/e0_phase2/pixie_fll_from_file_test_E0_phase2_aux_test_92.cfg --seed 0
socrun --flow sim --build VerifDebug --test fll/e0_phase2/pixie_fll_from_file_test_E0_phase2_lo_test_23.cfg --seed 0
socrun --flow sim --build Debug --test pixie_fw_func_test_jump256.cfg --seed 0
socrun --flow sim --build VerifDebug --test fll/e0_phase2/pixie_fll_from_file_test_E0_phase2_aux_test_77.cfg --seed 0
socrun --flow sim --build VerifDebug --test fll/e0_phase2/pixie_fll_from_file_test_E0_phase2_aux_test_55.cfg --seed 0
socrun --flow sim --build VerifDebug --test fll/e0_phase2/pixie_fll_from_file_test_E0_phase2_aux_test_8.cfg --seed 0
socrun --flow sim --build VerifDebug --test fll/e0_phase2/pixie_fll_from_file_test_E0_phase2_aux_test_42.cfg --seed 0
socrun --flow sim --build Debug --test e0_fsm/pixie_fw_dev_oper_test_e3_fsm_real_timing.cfg --seed 982584192
socrun --flow sim --build VerifDebug --test fll/e0_phase2/pixie_fll_from_file_test_E0_phase2_aux_test_93.cfg --seed 0
socrun --flow sim --build VerifDebug --test fll/e0_phase2/pixie_fll_from_file_test_E0_phase2_aux_test_54.cfg --seed 0
socrun --flow sim --build VerifDebug --test fll/e0_phase2/pixie_fll_from_file_test_E0_phase2_aux_test_28.cfg --seed 0
socrun --flow sim --build VerifDebug --test fll/e0_phase2/pixie_fll_from_file_test_E0_phase2_aux_test_43.cfg --seed 0
socrun --flow sim --build VerifDebug --test fll/e0_phase2/pixie_fll_from_file_test_E0_phase2_lo_test_22.cfg --seed 0
socrun --flow sim --build Debug --test pixie_e0_basic_rtc_measure_test.cfg --seed 0
socrun --flow sim --build VerifDebug --test fll/e0_phase2/pixie_fll_from_file_test_E0_phase2_aux_test_69.cfg --seed 0
socrun --flow sim --build VerifDebug --test fll/e0_phase2/pixie_fll_from_file_test_E0_phase2_aux_test_6.cfg --seed 0
socrun --flow sim --build VerifDebug --test fll/e0_phase2/pixie_fll_from_file_test_E0_phase2_aux_test_33.cfg --seed 0
socrun --flow sim --build VerifDebug --test fll/e0_phase2/pixie_fll_from_file_test_E0_phase2_aux_test_18.cfg --seed 0
socrun --flow sim --build VerifDebug --test fll/e0_phase2/pixie_fll_from_file_test_E0_phase2_aux_test_96.cfg --seed 0
socrun --flow sim --build VerifDebug --test fll/e0_phase2/pixie_fll_from_file_test_E0_phase2_aux_test_74.cfg --seed 0
socrun --flow sim --build VerifDebug --test fll/e0_phase2/pixie_fll_from_file_test_E0_phase2_lo_test_30.cfg --seed 0
socrun --flow sim --build VerifDebug --test fll/e0_phase2/pixie_fll_from_file_test_E0_phase2_aux_test_86.cfg --seed 0
socrun --flow sim --build VerifDebug --test fll/e0_phase2/pixie_fll_from_file_test_E0_phase2_aux_test_63.cfg --seed 0
socrun --flow sim --build VerifDebug --test fll/e0_phase2/pixie_fll_from_file_test_E0_phase2_lo_test_12.cfg --seed 0
socrun --flow sim --build VerifDebug --test fll/e0_phase2/pixie_fll_from_file_test_E0_phase2_aux_test_30.cfg --seed 0
socrun --flow sim --build VerifDebug --test fll/e0_phase2/pixie_fll_from_file_test_E0_phase2_lo_test_14.cfg --seed 0
socrun --flow sim --build Debug --test pixie_dft_voltage_calib_test.cfg --seed 0
socrun --flow sim --build VerifDebug --test fll/e0_phase2/pixie_fll_from_file_test_E0_phase2_aux_test_83.cfg --seed 0
socrun --flow sim --build VerifDebug --test fll/e0_phase2/pixie_fll_from_file_test_E0_phase2_aux_test_41.cfg --seed 0
socrun --flow sim --build VerifDebug --test fll/e0_phase2/pixie_fll_from_file_test_E0_phase2_lo_test_33.cfg --seed 0
socrun --flow sim --build VerifDebug --test fll/e0_phase2/pixie_fll_from_file_test_E0_phase2_aux_test_13.cfg --seed 0
socrun --flow sim --build VerifDebug --test fll/e0_phase2/pixie_fll_from_file_test_E0_phase2_aux_test_61.cfg --seed 0
socrun --flow sim --build VerifDebug --test fll/e0_phase2/pixie_fll_from_file_test_E0_phase2_aux_test_45.cfg --seed 0
socrun --flow sim --build Debug --test e0_fsm/pixie_fw_dev_oper_test_e2_fsm_real_timing.cfg --seed 0
socrun --flow sim --build VerifDebug --test fll/e0_phase2/pixie_fll_from_file_test_E0_phase2_lo_test_3.cfg --seed 0
socrun --flow sim --build VerifDebug --test fll/e0_phase2/pixie_fll_from_file_test_E0_phase2_aux_test_68.cfg --seed 0
socrun --flow sim --build VerifDebug --test fll/e0_phase2/pixie_fll_from_file_test_E0_phase2_aux_test_71.cfg --seed 0
socrun --flow sim --build VerifDebug --test fll/e0_phase2/pixie_fll_from_file_test_E0_phase2_aux_test_1.cfg --seed 0
socrun --flow sim --build VerifDebug --test fll/e0_phase2/pixie_fll_from_file_test_E0_phase2_lo_test_27.cfg --seed 0
socrun --flow sim --build VerifDebug --test fll/e0_phase2/pixie_fll_from_file_test_E0_phase2_aux_test_25.cfg --seed 0
socrun --flow sim --build VerifDebug --test fll/e0_phase2/pixie_fll_from_file_test_E0_phase2_aux_test_80.cfg --seed 0
socrun --flow sim --build VerifDebug --test fll/e0_phase2/pixie_fll_from_file_test_E0_phase2_aux_test_21.cfg --seed 0
socrun --flow sim --build VerifDebug --test fll/e0_phase2/pixie_fll_from_file_test_E0_phase2_aux_test_56.cfg --seed 0
socrun --flow sim --build VerifDebug --test fll/e0_phase2/pixie_fll_from_file_test_E0_phase2_aux_test_99.cfg --seed 0
socrun --flow sim --build Debug --test upf/pixie_fw_dev_oper_test_first_boot_real_timing_upf.cfg --seed 0
socrun --flow sim --build Debug --test e0_fsm/pixie_fw_dev_oper_test_e3_BLE5_2mhz.cfg --seed 0
socrun --flow sim --build VerifDebug --test fll/e0_phase2/pixie_fll_from_file_test_E0_phase2_aux_test_58.cfg --seed 0
socrun --flow sim --build VerifDebug --test fll/e0_phase2/pixie_fll_from_file_test_E0_phase2_aux_test_84.cfg --seed 0
socrun --flow sim --build VerifDebug --test fll/e0_phase2/pixie_fll_from_file_test_E0_phase2_lo_test_17.cfg --seed 0
socrun --flow sim --build VerifDebug --test fll/e0_phase2/pixie_fll_from_file_test_E0_phase2_lo_test_24.cfg --seed 0
socrun --flow sim --build VerifDebug --test fll/e0_phase2/pixie_fll_from_file_test_E0_phase2_lo_test_41.cfg --seed 0
socrun --flow sim --build VerifDebug --test fll/e0_phase2/pixie_fll_from_file_test_E0_phase2_aux_test_53.cfg --seed 0
socrun --flow sim --build VerifDebug --test fll/e0_phase2/pixie_fll_from_file_test_E0_phase2_aux_test_73.cfg --seed 0
socrun --flow sim --build VerifDebug --test fll/e0_phase2/pixie_fll_from_file_test_E0_phase2_aux_test_26.cfg --seed 0
socrun --flow sim --build VerifDebug --test fll/e0_phase2/pixie_fll_from_file_test_E0_phase2_aux_test_14.cfg --seed 0
socrun --flow sim --build VerifDebug --test fll/e0_phase2/pixie_fll_from_file_test_E0_phase2_aux_test_10.cfg --seed 0
socrun --flow sim --build VerifDebug --test fll/e0_phase2/pixie_fll_from_file_test_E0_phase2_aux_test_57.cfg --seed 0
socrun --flow sim --build VerifDebug --test fll/e0_phase2/pixie_fll_from_file_test_E0_phase2_lo_test_25.cfg --seed 0
socrun --flow sim --build VerifDebug --test fll/e0_phase2/pixie_fll_from_file_test_E0_phase2_aux_test_95.cfg --seed 0
socrun --flow sim --build VerifDebug --test fll/e0_phase2/pixie_fll_from_file_test_E0_phase2_aux_test_79.cfg --seed 0
socrun --flow sim --build VerifDebug --test fll/e0_phase2/pixie_fll_from_file_test_E0_phase2_lo_test_18.cfg --seed 0
socrun --flow sim --build VerifDebug --test fll/e0_phase2/pixie_fll_from_file_test_E0_phase2_aux_test_36.cfg --seed 0
socrun --flow sim --build VerifDebug --test fll/e0_phase2/pixie_fll_from_file_test_E0_phase2_lo_test_37.cfg --seed 0