This file contains any messages produced by compilers while
running configure, to aid debugging if configure makes a mistake.

It was created by sleuthkit configure 4.13.0, which was
generated by GNU Autoconf 2.72.  Invocation command line was

  $ configure --disable-java --disable-multithreading --without-afflib --without-libbfio --without-libcrypto --without-libewf --without-libvhdi --without-libvmdk --without-libvslvm --without-zlib

## --------- ##
## Platform. ##
## --------- ##

hostname = morty
uname -m = x86_64
uname -r = 6.12.13-200.fc41.x86_64
uname -s = Linux
uname -v = #1 SMP PREEMPT_DYNAMIC Sat Feb  8 20:05:26 UTC 2025

/usr/bin/uname -p = unknown
/bin/uname -X     = unknown

/bin/arch              = x86_64
/usr/bin/arch -k       = unknown
/usr/convex/getsysinfo = unknown
/usr/bin/hostinfo      = unknown
/bin/machine           = unknown
/usr/bin/oslevel       = unknown
/bin/universe          = unknown

PATH: /home/lordyesta/Projects/pytsk/.tox/py313/bin/
PATH: /home/lordyesta/.local/bin/
PATH: /home/lordyesta/bin/
PATH: /usr/local/bin/
PATH: /usr/local/sbin/
PATH: /usr/bin/
PATH: /usr/sbin/


## ----------- ##
## Core tests. ##
## ----------- ##

configure:3089: looking for aux files: compile config.guess config.sub ltmain.sh missing install-sh
configure:3102:  trying ./config/
configure:3131:   ./config/compile found
configure:3131:   ./config/config.guess found
configure:3131:   ./config/config.sub found
configure:3131:   ./config/ltmain.sh found
configure:3131:   ./config/missing found
configure:3113:   ./config/install-sh found
configure:3266: checking for a BSD-compatible install
configure:3340: result: /usr/bin/install -c
configure:3351: checking whether build environment is sane
configure:3406: result: yes
configure:3567: checking for a race-free mkdir -p
configure:3610: result: /usr/bin/mkdir -p
configure:3617: checking for gawk
configure:3638: found /usr/bin/gawk
configure:3650: result: gawk
configure:3661: checking whether make sets $(MAKE)
configure:3685: result: yes
configure:3715: checking whether make supports nested variables
configure:3734: result: yes
configure:3819: checking whether UID '1000' is supported by ustar format
configure:3822: result: yes
configure:3829: checking whether GID '1000' is supported by ustar format
configure:3832: result: yes
configure:3840: checking how to create a ustar tar archive
configure:3851: tar --version
tar (GNU tar) 1.35
Copyright (C) 2023 Free Software Foundation, Inc.
License GPLv3+: GNU GPL version 3 or later <https://gnu.org/licenses/gpl.html>.
This is free software: you are free to change and redistribute it.
There is NO WARRANTY, to the extent permitted by law.

Written by John Gilmore and Jay Fenlason.
configure:3854: $? = 0
configure:3894: tardir=conftest.dir && eval tar --format=ustar -chf - "$tardir" >conftest.tar
configure:3897: $? = 0
configure:3901: tar -xf - <conftest.tar
configure:3904: $? = 0
configure:3906: cat conftest.dir/file
GrepMe
configure:3909: $? = 0
configure:3924: result: gnutar
configure:4020: checking build system type
configure:4036: result: x86_64-pc-linux-gnu
configure:4056: checking host system type
configure:4071: result: x86_64-pc-linux-gnu
configure:4112: checking how to print strings
configure:4139: result: printf
configure:4173: checking whether make supports the include directive
configure:4188: make -f confmf.GNU && cat confinc.out
this is the am__doit target
configure:4191: $? = 0
configure:4210: result: yes (GNU style)
configure:4287: checking for gcc
configure:4308: found /usr/bin/gcc
configure:4320: result: gcc
configure:4679: checking for C compiler version
configure:4688: gcc --version >&5
gcc (GCC) 14.2.1 20250110 (Red Hat 14.2.1-7)
Copyright (C) 2024 Free Software Foundation, Inc.
This is free software; see the source for copying conditions.  There is NO
warranty; not even for MERCHANTABILITY or FITNESS FOR A PARTICULAR PURPOSE.

configure:4699: $? = 0
configure:4688: gcc -v >&5
Using built-in specs.
COLLECT_GCC=gcc
COLLECT_LTO_WRAPPER=/usr/libexec/gcc/x86_64-redhat-linux/14/lto-wrapper
OFFLOAD_TARGET_NAMES=nvptx-none:amdgcn-amdhsa
OFFLOAD_TARGET_DEFAULT=1
Target: x86_64-redhat-linux
Configured with: ../configure --enable-bootstrap --enable-languages=c,c++,fortran,objc,obj-c++,ada,go,d,m2,lto --prefix=/usr --mandir=/usr/share/man --infodir=/usr/share/info --with-bugurl=http://bugzilla.redhat.com/bugzilla --enable-shared --enable-threads=posix --enable-checking=release --enable-multilib --with-system-zlib --enable-__cxa_atexit --disable-libunwind-exceptions --enable-gnu-unique-object --enable-linker-build-id --with-gcc-major-version-only --enable-libstdcxx-backtrace --with-libstdcxx-zoneinfo=/usr/share/zoneinfo --with-linker-hash-style=gnu --enable-plugin --enable-initfini-array --with-isl=/builddir/build/BUILD/gcc-14.2.1-build/gcc-14.2.1-20250110/obj-x86_64-redhat-linux/isl-install --enable-offload-targets=nvptx-none,amdgcn-amdhsa --enable-offload-defaulted --without-cuda-driver --enable-gnu-indirect-function --enable-cet --with-tune=generic --with-arch_32=i686 --build=x86_64-redhat-linux --with-build-config=bootstrap-lto --enable-link-serialization=1
Thread model: posix
Supported LTO compression algorithms: zlib zstd
gcc version 14.2.1 20250110 (Red Hat 14.2.1-7) (GCC) 
... rest of stderr output deleted ...
configure:4699: $? = 0
configure:4688: gcc -V >&5
gcc: error: unrecognized command-line option '-V'
gcc: fatal error: no input files
compilation terminated.
configure:4699: $? = 1
configure:4688: gcc -qversion >&5
gcc: error: unrecognized command-line option '-qversion'; did you mean '--version'?
gcc: fatal error: no input files
compilation terminated.
configure:4699: $? = 1
configure:4688: gcc -version >&5
gcc: error: unrecognized command-line option '-version'
gcc: fatal error: no input files
compilation terminated.
configure:4699: $? = 1
configure:4719: checking whether the C compiler works
configure:4741: gcc    conftest.c  >&5
configure:4745: $? = 0
configure:4796: result: yes
configure:4800: checking for C compiler default output file name
configure:4802: result: a.out
configure:4808: checking for suffix of executables
configure:4815: gcc -o conftest    conftest.c  >&5
configure:4819: $? = 0
configure:4843: result: 
configure:4867: checking whether we are cross compiling
configure:4875: gcc -o conftest    conftest.c  >&5
configure:4879: $? = 0
configure:4886: ./conftest
configure:4890: $? = 0
configure:4905: result: no
configure:4911: checking for suffix of object files
configure:4934: gcc -c   conftest.c >&5
configure:4938: $? = 0
configure:4962: result: o
configure:4966: checking whether the compiler supports GNU C
configure:4986: gcc -c   conftest.c >&5
configure:4986: $? = 0
configure:4998: result: yes
configure:5009: checking whether gcc accepts -g
configure:5030: gcc -c -g  conftest.c >&5
configure:5030: $? = 0
configure:5077: result: yes
configure:5097: checking for gcc option to enable C11 features
configure:5112: gcc  -c -g -O2  conftest.c >&5
configure:5112: $? = 0
configure:5131: result: none needed
configure:5255: checking whether gcc understands -c and -o together
configure:5278: gcc -c conftest.c -o conftest2.o
configure:5281: $? = 0
configure:5278: gcc -c conftest.c -o conftest2.o
configure:5281: $? = 0
configure:5294: result: yes
configure:5313: checking dependency style of gcc
configure:5426: result: gcc3
configure:5441: checking for a sed that does not truncate output
configure:5513: result: /usr/bin/sed
configure:5531: checking for grep that handles long lines and -e
configure:5597: result: /usr/bin/grep
configure:5602: checking for egrep
configure:5672: result: /usr/bin/grep -E
configure:5679: checking for fgrep
configure:5749: result: /usr/bin/grep -F
configure:5786: checking for ld used by gcc
configure:5855: result: /usr/bin/ld
configure:5862: checking if the linker (/usr/bin/ld) is GNU ld
configure:5879: result: yes
configure:5891: checking for BSD- or MS-compatible name lister (nm)
configure:5947: result: /usr/bin/nm -B
configure:6089: checking the name lister (/usr/bin/nm -B) interface
configure:6097: gcc -c -g -O2  conftest.c >&5
configure:6100: /usr/bin/nm -B "conftest.o"
configure:6103: output
0000000000000000 B some_variable
configure:6111: result: BSD nm
configure:6114: checking whether ln -s works
configure:6118: result: yes
configure:6126: checking the maximum length of command line arguments
configure:6259: result: 1572864
configure:6307: checking how to convert x86_64-pc-linux-gnu file names to x86_64-pc-linux-gnu format
configure:6349: result: func_convert_file_noop
configure:6356: checking how to convert x86_64-pc-linux-gnu file names to toolchain format
configure:6378: result: func_convert_file_noop
configure:6385: checking for /usr/bin/ld option to reload object files
configure:6394: result: -r
configure:6474: checking for file
configure:6495: found /usr/bin/file
configure:6507: result: file
configure:6584: checking for objdump
configure:6605: found /usr/bin/objdump
configure:6617: result: objdump
configure:6649: checking how to recognize dependent libraries
configure:6851: result: pass_all
configure:6942: checking for dlltool
configure:6978: result: no
configure:7008: checking how to associate runtime and link libraries
configure:7037: result: printf %s\n
configure:7104: checking for ar
configure:7125: found /usr/bin/ar
configure:7137: result: ar
configure:7190: checking for archiver @FILE support
configure:7208: gcc -c -g -O2  conftest.c >&5
configure:7208: $? = 0
configure:7212: ar cr libconftest.a @conftest.lst >&5
configure:7215: $? = 0
configure:7220: ar cr libconftest.a @conftest.lst >&5
ar: conftest.o: No such file or directory
configure:7223: $? = 1
configure:7236: result: @
configure:7300: checking for strip
configure:7321: found /usr/bin/strip
configure:7333: result: strip
configure:7411: checking for ranlib
configure:7432: found /usr/bin/ranlib
configure:7444: result: ranlib
configure:7546: checking command to parse /usr/bin/nm -B output from gcc object
configure:7700: gcc -c -g -O2  conftest.c >&5
configure:7703: $? = 0
configure:7707: /usr/bin/nm -B conftest.o \| /usr/bin/sed -n -e 's/^.*[ ]\([ABCDGIRSTW][ABCDGIRSTW]*\)[ ][ ]*\([_A-Za-z][_A-Za-z0-9]*\)$/\1 \2 \2/p' | /usr/bin/sed '/ __gnu_lto/d' \> conftest.nm
configure:7710: $? = 0
configure:7776: gcc -o conftest -g -O2   conftest.c conftstm.o >&5
configure:7779: $? = 0
configure:7818: result: ok
configure:7865: checking for sysroot
configure:7897: result: no
configure:7904: checking for a working dd
configure:7949: result: /usr/bin/dd
configure:7953: checking how to truncate binary pipes
configure:7970: result: /usr/bin/dd bs=4096 count=1
configure:8107: gcc -c -g -O2  conftest.c >&5
configure:8110: $? = 0
configure:8310: checking for mt
configure:8346: result: no
configure:8366: checking if : is a manifest tool
configure:8373: : '-?'
configure:8382: result: no
configure:9121: checking for stdio.h
configure:9121: gcc -c -g -O2  conftest.c >&5
configure:9121: $? = 0
configure:9121: result: yes
configure:9121: checking for stdlib.h
configure:9121: gcc -c -g -O2  conftest.c >&5
configure:9121: $? = 0
configure:9121: result: yes
configure:9121: checking for string.h
configure:9121: gcc -c -g -O2  conftest.c >&5
configure:9121: $? = 0
configure:9121: result: yes
configure:9121: checking for inttypes.h
configure:9121: gcc -c -g -O2  conftest.c >&5
configure:9121: $? = 0
configure:9121: result: yes
configure:9121: checking for stdint.h
configure:9121: gcc -c -g -O2  conftest.c >&5
configure:9121: $? = 0
configure:9121: result: yes
configure:9121: checking for strings.h
configure:9121: gcc -c -g -O2  conftest.c >&5
configure:9121: $? = 0
configure:9121: result: yes
configure:9121: checking for sys/stat.h
configure:9121: gcc -c -g -O2  conftest.c >&5
configure:9121: $? = 0
configure:9121: result: yes
configure:9121: checking for sys/types.h
configure:9121: gcc -c -g -O2  conftest.c >&5
configure:9121: $? = 0
configure:9121: result: yes
configure:9121: checking for unistd.h
configure:9121: gcc -c -g -O2  conftest.c >&5
configure:9121: $? = 0
configure:9121: result: yes
configure:9121: checking for sys/select.h
configure:9121: gcc -c -g -O2  conftest.c >&5
configure:9121: $? = 0
configure:9121: result: yes
configure:9121: checking for sys/socket.h
configure:9121: gcc -c -g -O2  conftest.c >&5
configure:9121: $? = 0
configure:9121: result: yes
configure:9121: checking for utime.h
configure:9121: gcc -c -g -O2  conftest.c >&5
configure:9121: $? = 0
configure:9121: result: yes
configure:9146: checking for dlfcn.h
configure:9146: gcc -c -g -O2  conftest.c >&5
configure:9146: $? = 0
configure:9146: result: yes
configure:9411: checking for objdir
configure:9428: result: .libs
configure:9694: checking if gcc supports -fno-rtti -fno-exceptions
configure:9713: gcc -c -g -O2  -fno-rtti -fno-exceptions conftest.c >&5
cc1: warning: command-line option '-fno-rtti' is valid for C++/D/ObjC++ but not for C
configure:9717: $? = 0
configure:9731: result: no
configure:10089: checking for gcc option to produce PIC
configure:10098: result: -fPIC -DPIC
configure:10106: checking if gcc PIC flag -fPIC -DPIC works
configure:10125: gcc -c -g -O2  -fPIC -DPIC -DPIC conftest.c >&5
configure:10129: $? = 0
configure:10143: result: yes
configure:10172: checking if gcc static flag -static works
configure:10202: result: no
configure:10217: checking if gcc supports -c -o file.o
configure:10239: gcc -c -g -O2  -o out/conftest2.o conftest.c >&5
configure:10243: $? = 0
configure:10266: result: yes
configure:10274: checking if gcc supports -c -o file.o
configure:10323: result: yes
configure:10356: checking whether the gcc linker (/usr/bin/ld -m elf_x86_64) supports shared libraries
configure:11629: result: yes
configure:11666: checking whether -lc should be explicitly linked in
configure:11675: gcc -c -g -O2  conftest.c >&5
configure:11678: $? = 0
configure:11693: gcc -shared  -fPIC -DPIC conftest.o  -v -Wl,-soname -Wl,conftest -o conftest 2\>\&1 \| /usr/bin/grep  -lc  \>/dev/null 2\>\&1
configure:11696: $? = 0
configure:11711: result: no
configure:11871: checking dynamic linker characteristics
configure:12453: gcc -o conftest -g -O2   -Wl,-rpath -Wl,/foo conftest.c  >&5
configure:12453: $? = 0
configure:12696: result: GNU/Linux ld.so
configure:12818: checking how to hardcode library paths into programs
configure:12843: result: immediate
configure:13443: checking whether stripping libraries is possible
configure:13452: result: yes
configure:13494: checking if libtool supports shared libraries
configure:13496: result: yes
configure:13499: checking whether to build shared libraries
configure:13524: result: yes
configure:13527: checking whether to build static libraries
configure:13531: result: yes
configure:13569: checking whether to enable maintainer-specific portions of Makefiles
configure:13580: result: no
configure:13665: checking for g++
configure:13686: found /usr/bin/g++
configure:13698: result: g++
configure:13725: checking for C++ compiler version
configure:13734: g++ --version >&5
g++ (GCC) 14.2.1 20250110 (Red Hat 14.2.1-7)
Copyright (C) 2024 Free Software Foundation, Inc.
This is free software; see the source for copying conditions.  There is NO
warranty; not even for MERCHANTABILITY or FITNESS FOR A PARTICULAR PURPOSE.

configure:13745: $? = 0
configure:13734: g++ -v >&5
Using built-in specs.
COLLECT_GCC=g++
COLLECT_LTO_WRAPPER=/usr/libexec/gcc/x86_64-redhat-linux/14/lto-wrapper
OFFLOAD_TARGET_NAMES=nvptx-none:amdgcn-amdhsa
OFFLOAD_TARGET_DEFAULT=1
Target: x86_64-redhat-linux
Configured with: ../configure --enable-bootstrap --enable-languages=c,c++,fortran,objc,obj-c++,ada,go,d,m2,lto --prefix=/usr --mandir=/usr/share/man --infodir=/usr/share/info --with-bugurl=http://bugzilla.redhat.com/bugzilla --enable-shared --enable-threads=posix --enable-checking=release --enable-multilib --with-system-zlib --enable-__cxa_atexit --disable-libunwind-exceptions --enable-gnu-unique-object --enable-linker-build-id --with-gcc-major-version-only --enable-libstdcxx-backtrace --with-libstdcxx-zoneinfo=/usr/share/zoneinfo --with-linker-hash-style=gnu --enable-plugin --enable-initfini-array --with-isl=/builddir/build/BUILD/gcc-14.2.1-build/gcc-14.2.1-20250110/obj-x86_64-redhat-linux/isl-install --enable-offload-targets=nvptx-none,amdgcn-amdhsa --enable-offload-defaulted --without-cuda-driver --enable-gnu-indirect-function --enable-cet --with-tune=generic --with-arch_32=i686 --build=x86_64-redhat-linux --with-build-config=bootstrap-lto --enable-link-serialization=1
Thread model: posix
Supported LTO compression algorithms: zlib zstd
gcc version 14.2.1 20250110 (Red Hat 14.2.1-7) (GCC) 
... rest of stderr output deleted ...
configure:13745: $? = 0
configure:13734: g++ -V >&5
g++: error: unrecognized command-line option '-V'
g++: fatal error: no input files
compilation terminated.
configure:13745: $? = 1
configure:13734: g++ -qversion >&5
g++: error: unrecognized command-line option '-qversion'; did you mean '--version'?
g++: fatal error: no input files
compilation terminated.
configure:13745: $? = 1
configure:13749: checking whether the compiler supports GNU C++
configure:13769: g++ -c   conftest.cpp >&5
configure:13769: $? = 0
configure:13781: result: yes
configure:13792: checking whether g++ accepts -g
configure:13813: g++ -c -g  conftest.cpp >&5
configure:13813: $? = 0
configure:13860: result: yes
configure:13880: checking for g++ option to enable C++11 features
configure:13895: g++  -c -g -O2  conftest.cpp >&5
conftest.cpp: In function 'int main(int, char**)':
conftest.cpp:192:25: warning: empty parentheses were disambiguated as a function declaration [-Wvexing-parse]
  192 |   cxx11test::delegate d2();
      |                         ^~
conftest.cpp:192:25: note: remove parentheses to default-initialize a variable
  192 |   cxx11test::delegate d2();
      |                         ^~
      |                         --
conftest.cpp:192:25: note: or replace parentheses with braces to value-initialize a variable
configure:13895: $? = 0
configure:13914: result: none needed
configure:13985: checking dependency style of g++
configure:14098: result: gcc3
configure:14131: checking how to run the C++ preprocessor
configure:14153: g++ -E  conftest.cpp
configure:14153: $? = 0
configure:14169: g++ -E  conftest.cpp
conftest.cpp:26:10: fatal error: ac_nonexistent.h: No such file or directory
   26 | #include <ac_nonexistent.h>
      |          ^~~~~~~~~~~~~~~~~~
compilation terminated.
configure:14169: $? = 1
configure: failed program was:
| /* confdefs.h */
| #define PACKAGE_NAME "sleuthkit"
| #define PACKAGE_TARNAME "sleuthkit"
| #define PACKAGE_VERSION "4.13.0"
| #define PACKAGE_STRING "sleuthkit 4.13.0"
| #define PACKAGE_BUGREPORT ""
| #define PACKAGE_URL ""
| #define PACKAGE "sleuthkit"
| #define VERSION "4.13.0"
| #define HAVE_STDIO_H 1
| #define HAVE_STDLIB_H 1
| #define HAVE_STRING_H 1
| #define HAVE_INTTYPES_H 1
| #define HAVE_STDINT_H 1
| #define HAVE_STRINGS_H 1
| #define HAVE_SYS_STAT_H 1
| #define HAVE_SYS_TYPES_H 1
| #define HAVE_UNISTD_H 1
| #define HAVE_SYS_SELECT_H 1
| #define HAVE_SYS_SOCKET_H 1
| #define HAVE_UTIME_H 1
| #define STDC_HEADERS 1
| #define HAVE_DLFCN_H 1
| #define LT_OBJDIR ".libs/"
| /* end confdefs.h.  */
| #include <ac_nonexistent.h>
configure:14198: result: g++ -E
configure:14212: g++ -E  conftest.cpp
configure:14212: $? = 0
configure:14228: g++ -E  conftest.cpp
conftest.cpp:26:10: fatal error: ac_nonexistent.h: No such file or directory
   26 | #include <ac_nonexistent.h>
      |          ^~~~~~~~~~~~~~~~~~
compilation terminated.
configure:14228: $? = 1
configure: failed program was:
| /* confdefs.h */
| #define PACKAGE_NAME "sleuthkit"
| #define PACKAGE_TARNAME "sleuthkit"
| #define PACKAGE_VERSION "4.13.0"
| #define PACKAGE_STRING "sleuthkit 4.13.0"
| #define PACKAGE_BUGREPORT ""
| #define PACKAGE_URL ""
| #define PACKAGE "sleuthkit"
| #define VERSION "4.13.0"
| #define HAVE_STDIO_H 1
| #define HAVE_STDLIB_H 1
| #define HAVE_STRING_H 1
| #define HAVE_INTTYPES_H 1
| #define HAVE_STDINT_H 1
| #define HAVE_STRINGS_H 1
| #define HAVE_SYS_STAT_H 1
| #define HAVE_SYS_TYPES_H 1
| #define HAVE_UNISTD_H 1
| #define HAVE_SYS_SELECT_H 1
| #define HAVE_SYS_SOCKET_H 1
| #define HAVE_UTIME_H 1
| #define STDC_HEADERS 1
| #define HAVE_DLFCN_H 1
| #define LT_OBJDIR ".libs/"
| /* end confdefs.h.  */
| #include <ac_nonexistent.h>
configure:14396: checking for ld used by g++
configure:14465: result: /usr/bin/ld -m elf_x86_64
configure:14472: checking if the linker (/usr/bin/ld -m elf_x86_64) is GNU ld
configure:14489: result: yes
configure:14544: checking whether the g++ linker (/usr/bin/ld -m elf_x86_64) supports shared libraries
configure:15624: result: yes
configure:15660: g++ -c -g -O2  conftest.cpp >&5
configure:15663: $? = 0
configure:16144: checking for g++ option to produce PIC
configure:16153: result: -fPIC -DPIC
configure:16161: checking if g++ PIC flag -fPIC -DPIC works
configure:16180: g++ -c -g -O2  -fPIC -DPIC -DPIC conftest.cpp >&5
configure:16184: $? = 0
configure:16198: result: yes
configure:16221: checking if g++ static flag -static works
configure:16251: result: no
configure:16263: checking if g++ supports -c -o file.o
configure:16285: g++ -c -g -O2  -o out/conftest2.o conftest.cpp >&5
configure:16289: $? = 0
configure:16312: result: yes
configure:16317: checking if g++ supports -c -o file.o
configure:16366: result: yes
configure:16396: checking whether the g++ linker (/usr/bin/ld -m elf_x86_64) supports shared libraries
configure:16436: result: yes
configure:16579: checking dynamic linker characteristics
configure:17331: result: GNU/Linux ld.so
configure:17396: checking how to hardcode library paths into programs
configure:17421: result: immediate
configure:17482: checking whether g++ supports C++14 features with -std=c++14
configure:17915: g++ -std=c++14 -c -g -O2  conftest.cpp >&5
configure:17915: $? = 0
configure:17927: result: yes
configure:18020: checking for gcc
configure:18053: result: gcc
configure:18412: checking for C compiler version
configure:18421: gcc --version >&5
gcc (GCC) 14.2.1 20250110 (Red Hat 14.2.1-7)
Copyright (C) 2024 Free Software Foundation, Inc.
This is free software; see the source for copying conditions.  There is NO
warranty; not even for MERCHANTABILITY or FITNESS FOR A PARTICULAR PURPOSE.

configure:18432: $? = 0
configure:18421: gcc -v >&5
Using built-in specs.
COLLECT_GCC=gcc
COLLECT_LTO_WRAPPER=/usr/libexec/gcc/x86_64-redhat-linux/14/lto-wrapper
OFFLOAD_TARGET_NAMES=nvptx-none:amdgcn-amdhsa
OFFLOAD_TARGET_DEFAULT=1
Target: x86_64-redhat-linux
Configured with: ../configure --enable-bootstrap --enable-languages=c,c++,fortran,objc,obj-c++,ada,go,d,m2,lto --prefix=/usr --mandir=/usr/share/man --infodir=/usr/share/info --with-bugurl=http://bugzilla.redhat.com/bugzilla --enable-shared --enable-threads=posix --enable-checking=release --enable-multilib --with-system-zlib --enable-__cxa_atexit --disable-libunwind-exceptions --enable-gnu-unique-object --enable-linker-build-id --with-gcc-major-version-only --enable-libstdcxx-backtrace --with-libstdcxx-zoneinfo=/usr/share/zoneinfo --with-linker-hash-style=gnu --enable-plugin --enable-initfini-array --with-isl=/builddir/build/BUILD/gcc-14.2.1-build/gcc-14.2.1-20250110/obj-x86_64-redhat-linux/isl-install --enable-offload-targets=nvptx-none,amdgcn-amdhsa --enable-offload-defaulted --without-cuda-driver --enable-gnu-indirect-function --enable-cet --with-tune=generic --with-arch_32=i686 --build=x86_64-redhat-linux --with-build-config=bootstrap-lto --enable-link-serialization=1
Thread model: posix
Supported LTO compression algorithms: zlib zstd
gcc version 14.2.1 20250110 (Red Hat 14.2.1-7) (GCC) 
... rest of stderr output deleted ...
configure:18432: $? = 0
configure:18421: gcc -V >&5
gcc: error: unrecognized command-line option '-V'
gcc: fatal error: no input files
compilation terminated.
configure:18432: $? = 1
configure:18421: gcc -qversion >&5
gcc: error: unrecognized command-line option '-qversion'; did you mean '--version'?
gcc: fatal error: no input files
compilation terminated.
configure:18432: $? = 1
configure:18421: gcc -version >&5
gcc: error: unrecognized command-line option '-version'
gcc: fatal error: no input files
compilation terminated.
configure:18432: $? = 1
configure:18436: checking whether the compiler supports GNU C
configure:18468: result: yes
configure:18479: checking whether gcc accepts -g
configure:18547: result: yes
configure:18567: checking for gcc option to enable C11 features
configure:18601: result: none needed
configure:18725: checking whether gcc understands -c and -o together
configure:18764: result: yes
configure:18783: checking dependency style of gcc
configure:18896: result: gcc3
configure:18916: checking how to run the C preprocessor
configure:18942: gcc -E  conftest.c
configure:18942: $? = 0
configure:18958: gcc -E  conftest.c
conftest.c:27:10: fatal error: ac_nonexistent.h: No such file or directory
   27 | #include <ac_nonexistent.h>
      |          ^~~~~~~~~~~~~~~~~~
compilation terminated.
configure:18958: $? = 1
configure: failed program was:
| /* confdefs.h */
| #define PACKAGE_NAME "sleuthkit"
| #define PACKAGE_TARNAME "sleuthkit"
| #define PACKAGE_VERSION "4.13.0"
| #define PACKAGE_STRING "sleuthkit 4.13.0"
| #define PACKAGE_BUGREPORT ""
| #define PACKAGE_URL ""
| #define PACKAGE "sleuthkit"
| #define VERSION "4.13.0"
| #define HAVE_STDIO_H 1
| #define HAVE_STDLIB_H 1
| #define HAVE_STRING_H 1
| #define HAVE_INTTYPES_H 1
| #define HAVE_STDINT_H 1
| #define HAVE_STRINGS_H 1
| #define HAVE_SYS_STAT_H 1
| #define HAVE_SYS_TYPES_H 1
| #define HAVE_UNISTD_H 1
| #define HAVE_SYS_SELECT_H 1
| #define HAVE_SYS_SOCKET_H 1
| #define HAVE_UTIME_H 1
| #define STDC_HEADERS 1
| #define HAVE_DLFCN_H 1
| #define LT_OBJDIR ".libs/"
| #define HAVE_CXX14 1
| /* end confdefs.h.  */
| #include <ac_nonexistent.h>
configure:18987: result: gcc -E
configure:19001: gcc -E  conftest.c
configure:19001: $? = 0
configure:19017: gcc -E  conftest.c
conftest.c:27:10: fatal error: ac_nonexistent.h: No such file or directory
   27 | #include <ac_nonexistent.h>
      |          ^~~~~~~~~~~~~~~~~~
compilation terminated.
configure:19017: $? = 1
configure: failed program was:
| /* confdefs.h */
| #define PACKAGE_NAME "sleuthkit"
| #define PACKAGE_TARNAME "sleuthkit"
| #define PACKAGE_VERSION "4.13.0"
| #define PACKAGE_STRING "sleuthkit 4.13.0"
| #define PACKAGE_BUGREPORT ""
| #define PACKAGE_URL ""
| #define PACKAGE "sleuthkit"
| #define VERSION "4.13.0"
| #define HAVE_STDIO_H 1
| #define HAVE_STDLIB_H 1
| #define HAVE_STRING_H 1
| #define HAVE_INTTYPES_H 1
| #define HAVE_STDINT_H 1
| #define HAVE_STRINGS_H 1
| #define HAVE_SYS_STAT_H 1
| #define HAVE_SYS_TYPES_H 1
| #define HAVE_UNISTD_H 1
| #define HAVE_SYS_SELECT_H 1
| #define HAVE_SYS_SOCKET_H 1
| #define HAVE_UTIME_H 1
| #define STDC_HEADERS 1
| #define HAVE_DLFCN_H 1
| #define LT_OBJDIR ".libs/"
| #define HAVE_CXX14 1
| /* end confdefs.h.  */
| #include <ac_nonexistent.h>
configure:19050: checking whether ln -s works
configure:19054: result: yes
configure:19061: checking whether make sets $(MAKE)
configure:19085: result: yes
configure:19096: checking for perl
configure:19119: found /usr/bin/perl
configure:19132: result: /usr/bin/perl
configure:19144: checking for pkg-config
configure:19165: found /usr/bin/pkg-config
configure:19178: result: yes
configure:19249: checking for pkg-config
configure:19272: found /usr/bin/pkg-config
configure:19285: result: /usr/bin/pkg-config
configure:19310: checking pkg-config is at least version 0.9.0
configure:19313: result: yes
configure:19335: checking for err.h
configure:19335: gcc -c -g -O2  conftest.c >&5
configure:19335: $? = 0
configure:19335: result: yes
configure:19341: checking for inttypes.h
configure:19341: result: yes
configure:19347: checking for unistd.h
configure:19347: result: yes
configure:19353: checking for stdint.h
configure:19353: result: yes
configure:19359: checking for sys/param.h
configure:19359: gcc -c -g -O2  conftest.c >&5
configure:19359: $? = 0
configure:19359: result: yes
configure:19365: checking for sys/resource.h
configure:19365: gcc -c -g -O2  conftest.c >&5
configure:19365: $? = 0
configure:19365: result: yes
configure:19373: checking for _Bool
configure:19373: gcc -c -g -O2  conftest.c >&5
configure:19373: $? = 0
configure:19373: gcc -c -g -O2  conftest.c >&5
conftest.c: In function 'main':
conftest.c:64:20: error: expected expression before ')' token
   64 | if (sizeof ((_Bool)))
      |                    ^
configure:19373: $? = 1
configure: failed program was:
| /* confdefs.h */
| #define PACKAGE_NAME "sleuthkit"
| #define PACKAGE_TARNAME "sleuthkit"
| #define PACKAGE_VERSION "4.13.0"
| #define PACKAGE_STRING "sleuthkit 4.13.0"
| #define PACKAGE_BUGREPORT ""
| #define PACKAGE_URL ""
| #define PACKAGE "sleuthkit"
| #define VERSION "4.13.0"
| #define HAVE_STDIO_H 1
| #define HAVE_STDLIB_H 1
| #define HAVE_STRING_H 1
| #define HAVE_INTTYPES_H 1
| #define HAVE_STDINT_H 1
| #define HAVE_STRINGS_H 1
| #define HAVE_SYS_STAT_H 1
| #define HAVE_SYS_TYPES_H 1
| #define HAVE_UNISTD_H 1
| #define HAVE_SYS_SELECT_H 1
| #define HAVE_SYS_SOCKET_H 1
| #define HAVE_UTIME_H 1
| #define STDC_HEADERS 1
| #define HAVE_DLFCN_H 1
| #define LT_OBJDIR ".libs/"
| #define HAVE_CXX14 1
| #define HAVE_ERR_H 1
| #define HAVE_INTTYPES_H 1
| #define HAVE_UNISTD_H 1
| #define HAVE_STDINT_H 1
| #define HAVE_SYS_PARAM_H 1
| #define HAVE_SYS_RESOURCE_H 1
| /* end confdefs.h.  */
| #include <stddef.h>
| #ifdef HAVE_STDIO_H
| # include <stdio.h>
| #endif
| #ifdef HAVE_STDLIB_H
| # include <stdlib.h>
| #endif
| #ifdef HAVE_STRING_H
| # include <string.h>
| #endif
| #ifdef HAVE_INTTYPES_H
| # include <inttypes.h>
| #endif
| #ifdef HAVE_STDINT_H
| # include <stdint.h>
| #endif
| #ifdef HAVE_STRINGS_H
| # include <strings.h>
| #endif
| #ifdef HAVE_SYS_TYPES_H
| # include <sys/types.h>
| #endif
| #ifdef HAVE_SYS_STAT_H
| # include <sys/stat.h>
| #endif
| #ifdef HAVE_UNISTD_H
| # include <unistd.h>
| #endif
| int
| main (void)
| {
| if (sizeof ((_Bool)))
| 	    return 0;
|   ;
|   return 0;
| }
configure:19373: result: yes
configure:19382: checking for stdbool.h that conforms to C99 or later
configure:19457: gcc -c -g -O2  conftest.c >&5
configure:19457: $? = 0
configure:19467: result: yes
configure:19476: checking for an ANSI C-conforming const
configure:19543: gcc -c -g -O2  conftest.c >&5
configure:19543: $? = 0
configure:19553: result: yes
configure:19561: checking for uid_t
configure:19561: gcc -c -g -O2  conftest.c >&5
configure:19561: $? = 0
configure:19561: gcc -c -g -O2  conftest.c >&5
conftest.c: In function 'main':
conftest.c:66:20: error: expected expression before ')' token
   66 | if (sizeof ((uid_t)))
      |                    ^
configure:19561: $? = 1
configure: failed program was:
| /* confdefs.h */
| #define PACKAGE_NAME "sleuthkit"
| #define PACKAGE_TARNAME "sleuthkit"
| #define PACKAGE_VERSION "4.13.0"
| #define PACKAGE_STRING "sleuthkit 4.13.0"
| #define PACKAGE_BUGREPORT ""
| #define PACKAGE_URL ""
| #define PACKAGE "sleuthkit"
| #define VERSION "4.13.0"
| #define HAVE_STDIO_H 1
| #define HAVE_STDLIB_H 1
| #define HAVE_STRING_H 1
| #define HAVE_INTTYPES_H 1
| #define HAVE_STDINT_H 1
| #define HAVE_STRINGS_H 1
| #define HAVE_SYS_STAT_H 1
| #define HAVE_SYS_TYPES_H 1
| #define HAVE_UNISTD_H 1
| #define HAVE_SYS_SELECT_H 1
| #define HAVE_SYS_SOCKET_H 1
| #define HAVE_UTIME_H 1
| #define STDC_HEADERS 1
| #define HAVE_DLFCN_H 1
| #define LT_OBJDIR ".libs/"
| #define HAVE_CXX14 1
| #define HAVE_ERR_H 1
| #define HAVE_INTTYPES_H 1
| #define HAVE_UNISTD_H 1
| #define HAVE_STDINT_H 1
| #define HAVE_SYS_PARAM_H 1
| #define HAVE_SYS_RESOURCE_H 1
| #define HAVE__BOOL 1
| #define HAVE_STDBOOL_H 1
| /* end confdefs.h.  */
| #include <stddef.h>
| #ifdef HAVE_STDIO_H
| # include <stdio.h>
| #endif
| #ifdef HAVE_STDLIB_H
| # include <stdlib.h>
| #endif
| #ifdef HAVE_STRING_H
| # include <string.h>
| #endif
| #ifdef HAVE_INTTYPES_H
| # include <inttypes.h>
| #endif
| #ifdef HAVE_STDINT_H
| # include <stdint.h>
| #endif
| #ifdef HAVE_STRINGS_H
| # include <strings.h>
| #endif
| #ifdef HAVE_SYS_TYPES_H
| # include <sys/types.h>
| #endif
| #ifdef HAVE_SYS_STAT_H
| # include <sys/stat.h>
| #endif
| #ifdef HAVE_UNISTD_H
| # include <unistd.h>
| #endif
| int
| main (void)
| {
| if (sizeof ((uid_t)))
| 	    return 0;
|   ;
|   return 0;
| }
configure:19561: result: yes
configure:19572: checking for gid_t
configure:19572: gcc -c -g -O2  conftest.c >&5
configure:19572: $? = 0
configure:19572: gcc -c -g -O2  conftest.c >&5
conftest.c: In function 'main':
conftest.c:66:20: error: expected expression before ')' token
   66 | if (sizeof ((gid_t)))
      |                    ^
configure:19572: $? = 1
configure: failed program was:
| /* confdefs.h */
| #define PACKAGE_NAME "sleuthkit"
| #define PACKAGE_TARNAME "sleuthkit"
| #define PACKAGE_VERSION "4.13.0"
| #define PACKAGE_STRING "sleuthkit 4.13.0"
| #define PACKAGE_BUGREPORT ""
| #define PACKAGE_URL ""
| #define PACKAGE "sleuthkit"
| #define VERSION "4.13.0"
| #define HAVE_STDIO_H 1
| #define HAVE_STDLIB_H 1
| #define HAVE_STRING_H 1
| #define HAVE_INTTYPES_H 1
| #define HAVE_STDINT_H 1
| #define HAVE_STRINGS_H 1
| #define HAVE_SYS_STAT_H 1
| #define HAVE_SYS_TYPES_H 1
| #define HAVE_UNISTD_H 1
| #define HAVE_SYS_SELECT_H 1
| #define HAVE_SYS_SOCKET_H 1
| #define HAVE_UTIME_H 1
| #define STDC_HEADERS 1
| #define HAVE_DLFCN_H 1
| #define LT_OBJDIR ".libs/"
| #define HAVE_CXX14 1
| #define HAVE_ERR_H 1
| #define HAVE_INTTYPES_H 1
| #define HAVE_UNISTD_H 1
| #define HAVE_STDINT_H 1
| #define HAVE_SYS_PARAM_H 1
| #define HAVE_SYS_RESOURCE_H 1
| #define HAVE__BOOL 1
| #define HAVE_STDBOOL_H 1
| /* end confdefs.h.  */
| #include <stddef.h>
| #ifdef HAVE_STDIO_H
| # include <stdio.h>
| #endif
| #ifdef HAVE_STDLIB_H
| # include <stdlib.h>
| #endif
| #ifdef HAVE_STRING_H
| # include <string.h>
| #endif
| #ifdef HAVE_INTTYPES_H
| # include <inttypes.h>
| #endif
| #ifdef HAVE_STDINT_H
| # include <stdint.h>
| #endif
| #ifdef HAVE_STRINGS_H
| # include <strings.h>
| #endif
| #ifdef HAVE_SYS_TYPES_H
| # include <sys/types.h>
| #endif
| #ifdef HAVE_SYS_STAT_H
| # include <sys/stat.h>
| #endif
| #ifdef HAVE_UNISTD_H
| # include <unistd.h>
| #endif
| int
| main (void)
| {
| if (sizeof ((gid_t)))
| 	    return 0;
|   ;
|   return 0;
| }
configure:19572: result: yes
configure:19583: checking for mode_t
configure:19583: gcc -c -g -O2  conftest.c >&5
configure:19583: $? = 0
configure:19583: gcc -c -g -O2  conftest.c >&5
conftest.c: In function 'main':
conftest.c:66:21: error: expected expression before ')' token
   66 | if (sizeof ((mode_t)))
      |                     ^
configure:19583: $? = 1
configure: failed program was:
| /* confdefs.h */
| #define PACKAGE_NAME "sleuthkit"
| #define PACKAGE_TARNAME "sleuthkit"
| #define PACKAGE_VERSION "4.13.0"
| #define PACKAGE_STRING "sleuthkit 4.13.0"
| #define PACKAGE_BUGREPORT ""
| #define PACKAGE_URL ""
| #define PACKAGE "sleuthkit"
| #define VERSION "4.13.0"
| #define HAVE_STDIO_H 1
| #define HAVE_STDLIB_H 1
| #define HAVE_STRING_H 1
| #define HAVE_INTTYPES_H 1
| #define HAVE_STDINT_H 1
| #define HAVE_STRINGS_H 1
| #define HAVE_SYS_STAT_H 1
| #define HAVE_SYS_TYPES_H 1
| #define HAVE_UNISTD_H 1
| #define HAVE_SYS_SELECT_H 1
| #define HAVE_SYS_SOCKET_H 1
| #define HAVE_UTIME_H 1
| #define STDC_HEADERS 1
| #define HAVE_DLFCN_H 1
| #define LT_OBJDIR ".libs/"
| #define HAVE_CXX14 1
| #define HAVE_ERR_H 1
| #define HAVE_INTTYPES_H 1
| #define HAVE_UNISTD_H 1
| #define HAVE_STDINT_H 1
| #define HAVE_SYS_PARAM_H 1
| #define HAVE_SYS_RESOURCE_H 1
| #define HAVE__BOOL 1
| #define HAVE_STDBOOL_H 1
| /* end confdefs.h.  */
| #include <stddef.h>
| #ifdef HAVE_STDIO_H
| # include <stdio.h>
| #endif
| #ifdef HAVE_STDLIB_H
| # include <stdlib.h>
| #endif
| #ifdef HAVE_STRING_H
| # include <string.h>
| #endif
| #ifdef HAVE_INTTYPES_H
| # include <inttypes.h>
| #endif
| #ifdef HAVE_STDINT_H
| # include <stdint.h>
| #endif
| #ifdef HAVE_STRINGS_H
| # include <strings.h>
| #endif
| #ifdef HAVE_SYS_TYPES_H
| # include <sys/types.h>
| #endif
| #ifdef HAVE_SYS_STAT_H
| # include <sys/stat.h>
| #endif
| #ifdef HAVE_UNISTD_H
| # include <unistd.h>
| #endif
| int
| main (void)
| {
| if (sizeof ((mode_t)))
| 	    return 0;
|   ;
|   return 0;
| }
configure:19583: result: yes
configure:19594: checking for off_t
configure:19594: gcc -c -g -O2  conftest.c >&5
configure:19594: $? = 0
configure:19594: gcc -c -g -O2  conftest.c >&5
conftest.c: In function 'main':
conftest.c:66:20: error: expected expression before ')' token
   66 | if (sizeof ((off_t)))
      |                    ^
configure:19594: $? = 1
configure: failed program was:
| /* confdefs.h */
| #define PACKAGE_NAME "sleuthkit"
| #define PACKAGE_TARNAME "sleuthkit"
| #define PACKAGE_VERSION "4.13.0"
| #define PACKAGE_STRING "sleuthkit 4.13.0"
| #define PACKAGE_BUGREPORT ""
| #define PACKAGE_URL ""
| #define PACKAGE "sleuthkit"
| #define VERSION "4.13.0"
| #define HAVE_STDIO_H 1
| #define HAVE_STDLIB_H 1
| #define HAVE_STRING_H 1
| #define HAVE_INTTYPES_H 1
| #define HAVE_STDINT_H 1
| #define HAVE_STRINGS_H 1
| #define HAVE_SYS_STAT_H 1
| #define HAVE_SYS_TYPES_H 1
| #define HAVE_UNISTD_H 1
| #define HAVE_SYS_SELECT_H 1
| #define HAVE_SYS_SOCKET_H 1
| #define HAVE_UTIME_H 1
| #define STDC_HEADERS 1
| #define HAVE_DLFCN_H 1
| #define LT_OBJDIR ".libs/"
| #define HAVE_CXX14 1
| #define HAVE_ERR_H 1
| #define HAVE_INTTYPES_H 1
| #define HAVE_UNISTD_H 1
| #define HAVE_STDINT_H 1
| #define HAVE_SYS_PARAM_H 1
| #define HAVE_SYS_RESOURCE_H 1
| #define HAVE__BOOL 1
| #define HAVE_STDBOOL_H 1
| /* end confdefs.h.  */
| #include <stddef.h>
| #ifdef HAVE_STDIO_H
| # include <stdio.h>
| #endif
| #ifdef HAVE_STDLIB_H
| # include <stdlib.h>
| #endif
| #ifdef HAVE_STRING_H
| # include <string.h>
| #endif
| #ifdef HAVE_INTTYPES_H
| # include <inttypes.h>
| #endif
| #ifdef HAVE_STDINT_H
| # include <stdint.h>
| #endif
| #ifdef HAVE_STRINGS_H
| # include <strings.h>
| #endif
| #ifdef HAVE_SYS_TYPES_H
| # include <sys/types.h>
| #endif
| #ifdef HAVE_SYS_STAT_H
| # include <sys/stat.h>
| #endif
| #ifdef HAVE_UNISTD_H
| # include <unistd.h>
| #endif
| int
| main (void)
| {
| if (sizeof ((off_t)))
| 	    return 0;
|   ;
|   return 0;
| }
configure:19594: result: yes
configure:19605: checking for size_t
configure:19605: gcc -c -g -O2  conftest.c >&5
configure:19605: $? = 0
configure:19605: gcc -c -g -O2  conftest.c >&5
conftest.c: In function 'main':
conftest.c:66:21: error: expected expression before ')' token
   66 | if (sizeof ((size_t)))
      |                     ^
configure:19605: $? = 1
configure: failed program was:
| /* confdefs.h */
| #define PACKAGE_NAME "sleuthkit"
| #define PACKAGE_TARNAME "sleuthkit"
| #define PACKAGE_VERSION "4.13.0"
| #define PACKAGE_STRING "sleuthkit 4.13.0"
| #define PACKAGE_BUGREPORT ""
| #define PACKAGE_URL ""
| #define PACKAGE "sleuthkit"
| #define VERSION "4.13.0"
| #define HAVE_STDIO_H 1
| #define HAVE_STDLIB_H 1
| #define HAVE_STRING_H 1
| #define HAVE_INTTYPES_H 1
| #define HAVE_STDINT_H 1
| #define HAVE_STRINGS_H 1
| #define HAVE_SYS_STAT_H 1
| #define HAVE_SYS_TYPES_H 1
| #define HAVE_UNISTD_H 1
| #define HAVE_SYS_SELECT_H 1
| #define HAVE_SYS_SOCKET_H 1
| #define HAVE_UTIME_H 1
| #define STDC_HEADERS 1
| #define HAVE_DLFCN_H 1
| #define LT_OBJDIR ".libs/"
| #define HAVE_CXX14 1
| #define HAVE_ERR_H 1
| #define HAVE_INTTYPES_H 1
| #define HAVE_UNISTD_H 1
| #define HAVE_STDINT_H 1
| #define HAVE_SYS_PARAM_H 1
| #define HAVE_SYS_RESOURCE_H 1
| #define HAVE__BOOL 1
| #define HAVE_STDBOOL_H 1
| /* end confdefs.h.  */
| #include <stddef.h>
| #ifdef HAVE_STDIO_H
| # include <stdio.h>
| #endif
| #ifdef HAVE_STDLIB_H
| # include <stdlib.h>
| #endif
| #ifdef HAVE_STRING_H
| # include <string.h>
| #endif
| #ifdef HAVE_INTTYPES_H
| # include <inttypes.h>
| #endif
| #ifdef HAVE_STDINT_H
| # include <stdint.h>
| #endif
| #ifdef HAVE_STRINGS_H
| # include <strings.h>
| #endif
| #ifdef HAVE_SYS_TYPES_H
| # include <sys/types.h>
| #endif
| #ifdef HAVE_SYS_STAT_H
| # include <sys/stat.h>
| #endif
| #ifdef HAVE_UNISTD_H
| # include <unistd.h>
| #endif
| int
| main (void)
| {
| if (sizeof ((size_t)))
| 	    return 0;
|   ;
|   return 0;
| }
configure:19605: result: yes
configure:19624: checking for gcc option to enable large file support
configure:19659: gcc -c -g -O2  conftest.c >&5
configure:19659: $? = 0
configure:19665: gcc -DFTYPE=ino_t -c -g -O2  conftest.c >&5
configure:19665: $? = 0
configure:19690: result: none needed
configure:19795: checking for working alloca.h
configure:19813: gcc -o conftest -g -O2   conftest.c  >&5
configure:19813: $? = 0
configure:19824: result: yes
configure:19832: checking for alloca
configure:19877: result: yes
configure:19946: checking for error_at_line
configure:19963: gcc -o conftest -g -O2   conftest.c  >&5
configure:19963: $? = 0
configure:19974: result: yes
configure:19985: checking for declarations of fseeko and ftello
configure:20018: gcc -c -g -O2  conftest.c >&5
configure:20018: $? = 0
configure:20064: result: yes
configure:20079: checking whether lstat correctly handles trailing slash
configure:20112: gcc -o conftest -g -O2   conftest.c  >&5
configure:20112: $? = 0
configure:20112: ./conftest
configure:20112: $? = 0
configure:20133: result: yes
configure:20150: checking whether lstat accepts an empty string
configure:20172: gcc -o conftest -g -O2   conftest.c  >&5
configure:20172: $? = 0
configure:20172: ./conftest
configure:20172: $? = 0
configure:20186: result: no
configure:20200: checking whether lstat correctly handles trailing slash
configure:20254: result: yes
configure:20274: checking types of arguments for select
configure:20304: gcc -c -g -O2  conftest.c >&5
configure:20304: $? = 0
configure:20315: result: int,fd_set *,struct timeval *
configure:20334: checking whether utime accepts a null argument
configure:20365: gcc -o conftest -g -O2   conftest.c  >&5
configure:20365: $? = 0
configure:20365: ./conftest
configure:20365: $? = 0
configure:20379: result: yes
configure:20393: checking for vprintf
configure:20393: gcc -o conftest -g -O2   conftest.c  >&5
conftest.c:60:6: warning: conflicting types for built-in function 'vprintf'; expected 'int(const char *, __va_list_tag *)' [-Wbuiltin-declaration-mismatch]
   60 | char vprintf (void);
      |      ^~~~~~~
conftest.c:52:1: note: 'vprintf' is declared in header '<stdio.h>'
   51 | #include <limits.h>
   52 | #undef vprintf
configure:20393: $? = 0
configure:20393: result: yes
configure:20414: checking for ishexnumber
configure:20414: gcc -o conftest -g -O2   conftest.c  >&5
/usr/bin/ld: /tmp/ccLPU2iJ.o: in function `main':
/home/lordyesta/Projects/pytsk/sleuthkit/conftest.c:72:(.text.startup+0x5): undefined reference to `ishexnumber'
collect2: error: ld returned 1 exit status
configure:20414: $? = 1
configure: failed program was:
| /* confdefs.h */
| #define PACKAGE_NAME "sleuthkit"
| #define PACKAGE_TARNAME "sleuthkit"
| #define PACKAGE_VERSION "4.13.0"
| #define PACKAGE_STRING "sleuthkit 4.13.0"
| #define PACKAGE_BUGREPORT ""
| #define PACKAGE_URL ""
| #define PACKAGE "sleuthkit"
| #define VERSION "4.13.0"
| #define HAVE_STDIO_H 1
| #define HAVE_STDLIB_H 1
| #define HAVE_STRING_H 1
| #define HAVE_INTTYPES_H 1
| #define HAVE_STDINT_H 1
| #define HAVE_STRINGS_H 1
| #define HAVE_SYS_STAT_H 1
| #define HAVE_SYS_TYPES_H 1
| #define HAVE_UNISTD_H 1
| #define HAVE_SYS_SELECT_H 1
| #define HAVE_SYS_SOCKET_H 1
| #define HAVE_UTIME_H 1
| #define STDC_HEADERS 1
| #define HAVE_DLFCN_H 1
| #define LT_OBJDIR ".libs/"
| #define HAVE_CXX14 1
| #define HAVE_ERR_H 1
| #define HAVE_INTTYPES_H 1
| #define HAVE_UNISTD_H 1
| #define HAVE_STDINT_H 1
| #define HAVE_SYS_PARAM_H 1
| #define HAVE_SYS_RESOURCE_H 1
| #define HAVE__BOOL 1
| #define HAVE_STDBOOL_H 1
| #define HAVE_ALLOCA_H 1
| #define HAVE_ALLOCA 1
| #define HAVE_FSEEKO 1
| #define LSTAT_FOLLOWS_SLASHED_SYMLINK 1
| #define LSTAT_FOLLOWS_SLASHED_SYMLINK 1
| #define SELECT_TYPE_ARG1 int
| #define SELECT_TYPE_ARG234 (fd_set *)
| #define SELECT_TYPE_ARG5 (struct timeval *)
| #define HAVE_UTIME_NULL 1
| #define HAVE_VPRINTF 1
| /* end confdefs.h.  */
| /* Define ishexnumber to an innocuous variant, in case <limits.h> declares ishexnumber.
|    For example, HP-UX 11i <limits.h> declares gettimeofday.  */
| #define ishexnumber innocuous_ishexnumber
| 
| /* System header to define __stub macros and hopefully few prototypes,
|    which can conflict with char ishexnumber (void); below.  */
| 
| #include <limits.h>
| #undef ishexnumber
| 
| /* Override any GCC internal prototype to avoid an error.
|    Use char because int might match the return type of a GCC
|    builtin and then its argument prototype would still apply.  */
| #ifdef __cplusplus
| extern "C"
| #endif
| char ishexnumber (void);
| /* The GNU C library defines this for functions which it implements
|     to always fail with ENOSYS.  Some functions are actually named
|     something starting with __ and the normal name is an alias.  */
| #if defined __stub_ishexnumber || defined __stub___ishexnumber
| choke me
| #endif
| 
| int
| main (void)
| {
| return ishexnumber ();
|   ;
|   return 0;
| }
configure:20414: result: no
configure:20420: checking for err
configure:20420: gcc -o conftest -g -O2   conftest.c  >&5
configure:20420: $? = 0
configure:20420: result: yes
configure:20426: checking for errx
configure:20426: gcc -o conftest -g -O2   conftest.c  >&5
configure:20426: $? = 0
configure:20426: result: yes
configure:20432: checking for warn
configure:20432: gcc -o conftest -g -O2   conftest.c  >&5
configure:20432: $? = 0
configure:20432: result: yes
configure:20438: checking for warnx
configure:20438: gcc -o conftest -g -O2   conftest.c  >&5
configure:20438: $? = 0
configure:20438: result: yes
configure:20444: checking for vasprintf
configure:20444: gcc -o conftest -g -O2   conftest.c  >&5
configure:20444: $? = 0
configure:20444: result: yes
configure:20450: checking for getrusage
configure:20450: gcc -o conftest -g -O2   conftest.c  >&5
configure:20450: $? = 0
configure:20450: result: yes
configure:20457: checking for strlcpy
configure:20457: gcc -o conftest -g -O2   conftest.c  >&5
configure:20457: $? = 0
configure:20457: result: yes
configure:20463: checking for strlcat
configure:20463: gcc -o conftest -g -O2   conftest.c  >&5
configure:20463: $? = 0
configure:20463: result: yes
configure:20469: checking for strnlen
configure:20469: gcc -o conftest -g -O2   conftest.c  >&5
conftest.c:69:6: warning: conflicting types for built-in function 'strnlen'; expected 'long unsigned int(const char *, long unsigned int)' [-Wbuiltin-declaration-mismatch]
   69 | char strnlen (void);
      |      ^~~~~~~
configure:20469: $? = 0
configure:20469: result: yes
configure:20478: checking for egrep -e
configure:20608: result: /usr/bin/grep -E
configure:20778: checking whether gcc is Clang
configure:20806: result: no
configure:20872: checking whether pthreads work with "-pthread" and "-lpthread"
configure:20984: gcc -o conftest -g -O2 -pthread   conftest.c -lpthread  >&5
configure:20984: $? = 0
configure:20994: result: yes
configure:21118: checking for joinable pthread attribute
configure:21137: gcc -o conftest -g -O2 -pthread   conftest.c -lpthread  >&5
configure:21137: $? = 0
configure:21147: result: PTHREAD_CREATE_JOINABLE
configure:21160: checking whether more special flags are required for pthreads
configure:21175: result: no
configure:21184: checking for PTHREAD_PRIO_INHERIT
configure:21202: gcc -o conftest -g -O2 -pthread   conftest.c -lpthread  >&5
configure:21202: $? = 0
configure:21214: result: yes
configure:21421: checking for main in -lstdc++
configure:21441: gcc -o conftest -g -O2   conftest.c -lstdc++   >&5
configure:21441: $? = 0
configure:21453: result: yes
configure:21483: checking for  sqlite3
configure:21490: $PKG_CONFIG --exists --print-errors " sqlite3"
Package sqlite3 was not found in the pkg-config search path.
Perhaps you should add the directory containing `sqlite3.pc'
to the PKG_CONFIG_PATH environment variable
Package 'sqlite3' not found
configure:21493: $? = 1
configure:21507: $PKG_CONFIG --exists --print-errors " sqlite3"
Package sqlite3 was not found in the pkg-config search path.
Perhaps you should add the directory containing `sqlite3.pc'
to the PKG_CONFIG_PATH environment variable
Package 'sqlite3' not found
configure:21510: $? = 1
configure:21524: result: no
Package 'sqlite3' not found
configure:21576: checking for sqlite3.h
configure:21576: gcc -c -g -O2  conftest.c >&5
conftest.c:85:10: fatal error: sqlite3.h: No such file or directory
   85 | #include <sqlite3.h>
      |          ^~~~~~~~~~~
compilation terminated.
configure:21576: $? = 1
configure: failed program was:
| /* confdefs.h */
| #define PACKAGE_NAME "sleuthkit"
| #define PACKAGE_TARNAME "sleuthkit"
| #define PACKAGE_VERSION "4.13.0"
| #define PACKAGE_STRING "sleuthkit 4.13.0"
| #define PACKAGE_BUGREPORT ""
| #define PACKAGE_URL ""
| #define PACKAGE "sleuthkit"
| #define VERSION "4.13.0"
| #define HAVE_STDIO_H 1
| #define HAVE_STDLIB_H 1
| #define HAVE_STRING_H 1
| #define HAVE_INTTYPES_H 1
| #define HAVE_STDINT_H 1
| #define HAVE_STRINGS_H 1
| #define HAVE_SYS_STAT_H 1
| #define HAVE_SYS_TYPES_H 1
| #define HAVE_UNISTD_H 1
| #define HAVE_SYS_SELECT_H 1
| #define HAVE_SYS_SOCKET_H 1
| #define HAVE_UTIME_H 1
| #define STDC_HEADERS 1
| #define HAVE_DLFCN_H 1
| #define LT_OBJDIR ".libs/"
| #define HAVE_CXX14 1
| #define HAVE_ERR_H 1
| #define HAVE_INTTYPES_H 1
| #define HAVE_UNISTD_H 1
| #define HAVE_STDINT_H 1
| #define HAVE_SYS_PARAM_H 1
| #define HAVE_SYS_RESOURCE_H 1
| #define HAVE__BOOL 1
| #define HAVE_STDBOOL_H 1
| #define HAVE_ALLOCA_H 1
| #define HAVE_ALLOCA 1
| #define HAVE_FSEEKO 1
| #define LSTAT_FOLLOWS_SLASHED_SYMLINK 1
| #define LSTAT_FOLLOWS_SLASHED_SYMLINK 1
| #define SELECT_TYPE_ARG1 int
| #define SELECT_TYPE_ARG234 (fd_set *)
| #define SELECT_TYPE_ARG5 (struct timeval *)
| #define HAVE_UTIME_NULL 1
| #define HAVE_VPRINTF 1
| #define HAVE_ERR 1
| #define HAVE_ERRX 1
| #define HAVE_WARN 1
| #define HAVE_WARNX 1
| #define HAVE_VASPRINTF 1
| #define HAVE_GETRUSAGE 1
| #define HAVE_STRLCPY 1
| #define HAVE_STRLCAT 1
| #define HAVE_STRNLEN 1
| #define HAVE_PTHREAD_PRIO_INHERIT 1
| #define HAVE_PTHREAD 1
| #define HAVE_LIBSTDC__ 1
| /* end confdefs.h.  */
| #include <stddef.h>
| #ifdef HAVE_STDIO_H
| # include <stdio.h>
| #endif
| #ifdef HAVE_STDLIB_H
| # include <stdlib.h>
| #endif
| #ifdef HAVE_STRING_H
| # include <string.h>
| #endif
| #ifdef HAVE_INTTYPES_H
| # include <inttypes.h>
| #endif
| #ifdef HAVE_STDINT_H
| # include <stdint.h>
| #endif
| #ifdef HAVE_STRINGS_H
| # include <strings.h>
| #endif
| #ifdef HAVE_SYS_TYPES_H
| # include <sys/types.h>
| #endif
| #ifdef HAVE_SYS_STAT_H
| # include <sys/stat.h>
| #endif
| #ifdef HAVE_UNISTD_H
| # include <unistd.h>
| #endif
| #include <sqlite3.h>
configure:21576: result: no
configure:21686: checking which sqlite3 to use
configure:21701: result: bundled
configure:22160: checking for openssl/pem.h
configure:22160: gcc -c -g -O2  conftest.c >&5
configure:22160: $? = 0
configure:22160: result: yes
configure:22224: checking for aff4/libaff4-c.h
configure:22224: gcc -c -g -O2    conftest.c >&5
conftest.c:86:10: fatal error: aff4/libaff4-c.h: No such file or directory
   86 | #include <aff4/libaff4-c.h>
      |          ^~~~~~~~~~~~~~~~~~
compilation terminated.
configure:22224: $? = 1
configure: failed program was:
| /* confdefs.h */
| #define PACKAGE_NAME "sleuthkit"
| #define PACKAGE_TARNAME "sleuthkit"
| #define PACKAGE_VERSION "4.13.0"
| #define PACKAGE_STRING "sleuthkit 4.13.0"
| #define PACKAGE_BUGREPORT ""
| #define PACKAGE_URL ""
| #define PACKAGE "sleuthkit"
| #define VERSION "4.13.0"
| #define HAVE_STDIO_H 1
| #define HAVE_STDLIB_H 1
| #define HAVE_STRING_H 1
| #define HAVE_INTTYPES_H 1
| #define HAVE_STDINT_H 1
| #define HAVE_STRINGS_H 1
| #define HAVE_SYS_STAT_H 1
| #define HAVE_SYS_TYPES_H 1
| #define HAVE_UNISTD_H 1
| #define HAVE_SYS_SELECT_H 1
| #define HAVE_SYS_SOCKET_H 1
| #define HAVE_UTIME_H 1
| #define STDC_HEADERS 1
| #define HAVE_DLFCN_H 1
| #define LT_OBJDIR ".libs/"
| #define HAVE_CXX14 1
| #define HAVE_ERR_H 1
| #define HAVE_INTTYPES_H 1
| #define HAVE_UNISTD_H 1
| #define HAVE_STDINT_H 1
| #define HAVE_SYS_PARAM_H 1
| #define HAVE_SYS_RESOURCE_H 1
| #define HAVE__BOOL 1
| #define HAVE_STDBOOL_H 1
| #define HAVE_ALLOCA_H 1
| #define HAVE_ALLOCA 1
| #define HAVE_FSEEKO 1
| #define LSTAT_FOLLOWS_SLASHED_SYMLINK 1
| #define LSTAT_FOLLOWS_SLASHED_SYMLINK 1
| #define SELECT_TYPE_ARG1 int
| #define SELECT_TYPE_ARG234 (fd_set *)
| #define SELECT_TYPE_ARG5 (struct timeval *)
| #define HAVE_UTIME_NULL 1
| #define HAVE_VPRINTF 1
| #define HAVE_ERR 1
| #define HAVE_ERRX 1
| #define HAVE_WARN 1
| #define HAVE_WARNX 1
| #define HAVE_VASPRINTF 1
| #define HAVE_GETRUSAGE 1
| #define HAVE_STRLCPY 1
| #define HAVE_STRLCAT 1
| #define HAVE_STRNLEN 1
| #define HAVE_PTHREAD_PRIO_INHERIT 1
| #define HAVE_PTHREAD 1
| #define HAVE_LIBSTDC__ 1
| #define HAVE_OPENSSL_PEM_H 1
| /* end confdefs.h.  */
| #include <stddef.h>
| #ifdef HAVE_STDIO_H
| # include <stdio.h>
| #endif
| #ifdef HAVE_STDLIB_H
| # include <stdlib.h>
| #endif
| #ifdef HAVE_STRING_H
| # include <string.h>
| #endif
| #ifdef HAVE_INTTYPES_H
| # include <inttypes.h>
| #endif
| #ifdef HAVE_STDINT_H
| # include <stdint.h>
| #endif
| #ifdef HAVE_STRINGS_H
| # include <strings.h>
| #endif
| #ifdef HAVE_SYS_TYPES_H
| # include <sys/types.h>
| #endif
| #ifdef HAVE_SYS_STAT_H
| # include <sys/stat.h>
| #endif
| #ifdef HAVE_UNISTD_H
| # include <unistd.h>
| #endif
| #include <aff4/libaff4-c.h>
configure:22224: result: no
configure:23243: checking for  libqcow
configure:23250: $PKG_CONFIG --exists --print-errors " libqcow"
Package libqcow was not found in the pkg-config search path.
Perhaps you should add the directory containing `libqcow.pc'
to the PKG_CONFIG_PATH environment variable
Package 'libqcow' not found
configure:23253: $? = 1
configure:23267: $PKG_CONFIG --exists --print-errors " libqcow"
Package libqcow was not found in the pkg-config search path.
Perhaps you should add the directory containing `libqcow.pc'
to the PKG_CONFIG_PATH environment variable
Package 'libqcow' not found
configure:23270: $? = 1
configure:23284: result: no
Package 'libqcow' not found
configure:23369: checking for libqcow.h
configure:23369: gcc -c -g -O2    conftest.c >&5
conftest.c:86:10: fatal error: libqcow.h: No such file or directory
   86 | #include <libqcow.h>
      |          ^~~~~~~~~~~
compilation terminated.
configure:23369: $? = 1
configure: failed program was:
| /* confdefs.h */
| #define PACKAGE_NAME "sleuthkit"
| #define PACKAGE_TARNAME "sleuthkit"
| #define PACKAGE_VERSION "4.13.0"
| #define PACKAGE_STRING "sleuthkit 4.13.0"
| #define PACKAGE_BUGREPORT ""
| #define PACKAGE_URL ""
| #define PACKAGE "sleuthkit"
| #define VERSION "4.13.0"
| #define HAVE_STDIO_H 1
| #define HAVE_STDLIB_H 1
| #define HAVE_STRING_H 1
| #define HAVE_INTTYPES_H 1
| #define HAVE_STDINT_H 1
| #define HAVE_STRINGS_H 1
| #define HAVE_SYS_STAT_H 1
| #define HAVE_SYS_TYPES_H 1
| #define HAVE_UNISTD_H 1
| #define HAVE_SYS_SELECT_H 1
| #define HAVE_SYS_SOCKET_H 1
| #define HAVE_UTIME_H 1
| #define STDC_HEADERS 1
| #define HAVE_DLFCN_H 1
| #define LT_OBJDIR ".libs/"
| #define HAVE_CXX14 1
| #define HAVE_ERR_H 1
| #define HAVE_INTTYPES_H 1
| #define HAVE_UNISTD_H 1
| #define HAVE_STDINT_H 1
| #define HAVE_SYS_PARAM_H 1
| #define HAVE_SYS_RESOURCE_H 1
| #define HAVE__BOOL 1
| #define HAVE_STDBOOL_H 1
| #define HAVE_ALLOCA_H 1
| #define HAVE_ALLOCA 1
| #define HAVE_FSEEKO 1
| #define LSTAT_FOLLOWS_SLASHED_SYMLINK 1
| #define LSTAT_FOLLOWS_SLASHED_SYMLINK 1
| #define SELECT_TYPE_ARG1 int
| #define SELECT_TYPE_ARG234 (fd_set *)
| #define SELECT_TYPE_ARG5 (struct timeval *)
| #define HAVE_UTIME_NULL 1
| #define HAVE_VPRINTF 1
| #define HAVE_ERR 1
| #define HAVE_ERRX 1
| #define HAVE_WARN 1
| #define HAVE_WARNX 1
| #define HAVE_VASPRINTF 1
| #define HAVE_GETRUSAGE 1
| #define HAVE_STRLCPY 1
| #define HAVE_STRLCAT 1
| #define HAVE_STRNLEN 1
| #define HAVE_PTHREAD_PRIO_INHERIT 1
| #define HAVE_PTHREAD 1
| #define HAVE_LIBSTDC__ 1
| #define HAVE_OPENSSL_PEM_H 1
| /* end confdefs.h.  */
| #include <stddef.h>
| #ifdef HAVE_STDIO_H
| # include <stdio.h>
| #endif
| #ifdef HAVE_STDLIB_H
| # include <stdlib.h>
| #endif
| #ifdef HAVE_STRING_H
| # include <string.h>
| #endif
| #ifdef HAVE_INTTYPES_H
| # include <inttypes.h>
| #endif
| #ifdef HAVE_STDINT_H
| # include <stdint.h>
| #endif
| #ifdef HAVE_STRINGS_H
| # include <strings.h>
| #endif
| #ifdef HAVE_SYS_TYPES_H
| # include <sys/types.h>
| #endif
| #ifdef HAVE_SYS_STAT_H
| # include <sys/stat.h>
| #endif
| #ifdef HAVE_UNISTD_H
| # include <unistd.h>
| #endif
| #include <libqcow.h>
configure:23369: result: no
configure:24955: checking for ant
configure:24992: result: no
configure:25033: checking if libtool needs -no-undefined flag to build shared libraries
configure:25043: result: no
configure:25085: checking for getline
configure:25085: gcc -o conftest -g -O2   conftest.c -lstdc++  >&5
configure:25085: $? = 0
configure:25085: result: yes
configure:25287: checking that generated files are newer than configure
configure:25293: result: done
configure:25382: creating ./config.status

## ---------------------- ##
## Running config.status. ##
## ---------------------- ##

This file was extended by sleuthkit config.status 4.13.0, which was
generated by GNU Autoconf 2.72.  Invocation command line was

  CONFIG_FILES    = 
  CONFIG_HEADERS  = 
  CONFIG_LINKS    = 
  CONFIG_COMMANDS = 
  $ ./config.status 

on morty

config.status:1297: creating Makefile
config.status:1297: creating tsk/tsk.pc
config.status:1297: creating tsk/tsk_config.h
config.status:1526: executing depfiles commands
config.status:1603: cd .       && sed -e '/# am--include-marker/d' Makefile         | make -f - am--depfiles
config.status:1608: $? = 0
config.status:1526: executing libtool commands
config.status:1526: executing tsk/tsk_incs.h commands
configure:27831:
Building:
   afflib support:                        no
   libaff4 support:                       no
   libbfio support:                       no
   libewf support:                        no
   libqcow support:                       no
   libvhdi support:                       no
   libvmdk support:                       no
   libvslvm support:                      no

   openssl support:                       no
   zlib support:                          no

Features:
   Java/JNI support:                      no
   Multithreading:                        no


## ---------------- ##
## Cache variables. ##
## ---------------- ##

ac_cv_build=x86_64-pc-linux-gnu
ac_cv_c_compiler_gnu=yes
ac_cv_c_const=yes
ac_cv_cxx_compiler_gnu=yes
ac_cv_env_BFIO_CFLAGS_set=
ac_cv_env_BFIO_CFLAGS_value=
ac_cv_env_BFIO_LIBS_set=
ac_cv_env_BFIO_LIBS_value=
ac_cv_env_CCC_set=
ac_cv_env_CCC_value=
ac_cv_env_CC_set=
ac_cv_env_CC_value=
ac_cv_env_CFLAGS_set=
ac_cv_env_CFLAGS_value=
ac_cv_env_CPPFLAGS_set=
ac_cv_env_CPPFLAGS_value=
ac_cv_env_CPP_set=
ac_cv_env_CPP_value=
ac_cv_env_CRYPTO_CFLAGS_set=
ac_cv_env_CRYPTO_CFLAGS_value=
ac_cv_env_CRYPTO_LIBS_set=
ac_cv_env_CRYPTO_LIBS_value=
ac_cv_env_CXXCPP_set=
ac_cv_env_CXXCPP_value=
ac_cv_env_CXXFLAGS_set=
ac_cv_env_CXXFLAGS_value=
ac_cv_env_CXX_set=
ac_cv_env_CXX_value=
ac_cv_env_EWF_CFLAGS_set=
ac_cv_env_EWF_CFLAGS_value=
ac_cv_env_EWF_LIBS_set=
ac_cv_env_EWF_LIBS_value=
ac_cv_env_LDFLAGS_set=
ac_cv_env_LDFLAGS_value=
ac_cv_env_LIBS_set=
ac_cv_env_LIBS_value=
ac_cv_env_LT_SYS_LIBRARY_PATH_set=
ac_cv_env_LT_SYS_LIBRARY_PATH_value=
ac_cv_env_PKG_CONFIG_LIBDIR_set=
ac_cv_env_PKG_CONFIG_LIBDIR_value=
ac_cv_env_PKG_CONFIG_PATH_set=
ac_cv_env_PKG_CONFIG_PATH_value=
ac_cv_env_PKG_CONFIG_set=
ac_cv_env_PKG_CONFIG_value=
ac_cv_env_QCOW_CFLAGS_set=
ac_cv_env_QCOW_CFLAGS_value=
ac_cv_env_QCOW_LIBS_set=
ac_cv_env_QCOW_LIBS_value=
ac_cv_env_SQLITE3_CFLAGS_set=
ac_cv_env_SQLITE3_CFLAGS_value=
ac_cv_env_SQLITE3_LIBS_set=
ac_cv_env_SQLITE3_LIBS_value=
ac_cv_env_VHDI_CFLAGS_set=
ac_cv_env_VHDI_CFLAGS_value=
ac_cv_env_VHDI_LIBS_set=
ac_cv_env_VHDI_LIBS_value=
ac_cv_env_VMDK_CFLAGS_set=
ac_cv_env_VMDK_CFLAGS_value=
ac_cv_env_VMDK_LIBS_set=
ac_cv_env_VMDK_LIBS_value=
ac_cv_env_VSLVM_CFLAGS_set=
ac_cv_env_VSLVM_CFLAGS_value=
ac_cv_env_VSLVM_LIBS_set=
ac_cv_env_VSLVM_LIBS_value=
ac_cv_env_ZLIB_CFLAGS_set=
ac_cv_env_ZLIB_CFLAGS_value=
ac_cv_env_ZLIB_LIBS_set=
ac_cv_env_ZLIB_LIBS_value=
ac_cv_env_build_alias_set=
ac_cv_env_build_alias_value=
ac_cv_env_host_alias_set=
ac_cv_env_host_alias_value=
ac_cv_env_target_alias_set=
ac_cv_env_target_alias_value=
ac_cv_func_alloca_works=yes
ac_cv_func_err=yes
ac_cv_func_errx=yes
ac_cv_func_fseeko_ftello=yes
ac_cv_func_getline=yes
ac_cv_func_getrusage=yes
ac_cv_func_ishexnumber=no
ac_cv_func_lstat_dereferences_slashed_symlink=yes
ac_cv_func_lstat_empty_string_bug=no
ac_cv_func_select_args='int,fd_set *,struct timeval *'
ac_cv_func_strlcat=yes
ac_cv_func_strlcpy=yes
ac_cv_func_strnlen=yes
ac_cv_func_utime_null=yes
ac_cv_func_vasprintf=yes
ac_cv_func_vprintf=yes
ac_cv_func_warn=yes
ac_cv_func_warnx=yes
ac_cv_header_aff4_libaff4_c_h=no
ac_cv_header_dlfcn_h=yes
ac_cv_header_err_h=yes
ac_cv_header_inttypes_h=yes
ac_cv_header_libqcow_h=no
ac_cv_header_openssl_pem_h=yes
ac_cv_header_sqlite3_h=no
ac_cv_header_stdbool_h=yes
ac_cv_header_stdint_h=yes
ac_cv_header_stdio_h=yes
ac_cv_header_stdlib_h=yes
ac_cv_header_string_h=yes
ac_cv_header_strings_h=yes
ac_cv_header_sys_param_h=yes
ac_cv_header_sys_resource_h=yes
ac_cv_header_sys_select_h=yes
ac_cv_header_sys_socket_h=yes
ac_cv_header_sys_stat_h=yes
ac_cv_header_sys_types_h=yes
ac_cv_header_unistd_h=yes
ac_cv_header_utime_h=yes
ac_cv_host=x86_64-pc-linux-gnu
ac_cv_lib_error_at_line=yes
ac_cv_lib_stdcpp_main=yes
ac_cv_objext=o
ac_cv_path_ANT=no
ac_cv_path_EGREP='/usr/bin/grep -E'
ac_cv_path_EGREP_TRADITIONAL='/usr/bin/grep -E'
ac_cv_path_FGREP='/usr/bin/grep -F'
ac_cv_path_GREP=/usr/bin/grep
ac_cv_path_PERL=/usr/bin/perl
ac_cv_path_SED=/usr/bin/sed
ac_cv_path_ac_pt_PKG_CONFIG=/usr/bin/pkg-config
ac_cv_path_install='/usr/bin/install -c'
ac_cv_path_lt_DD=/usr/bin/dd
ac_cv_path_mkdir=/usr/bin/mkdir
ac_cv_prog_AWK=gawk
ac_cv_prog_CPP='gcc -E'
ac_cv_prog_CXXCPP='g++ -E'
ac_cv_prog_PKGCONFIG=yes
ac_cv_prog_ac_ct_AR=ar
ac_cv_prog_ac_ct_CC=gcc
ac_cv_prog_ac_ct_CXX=g++
ac_cv_prog_ac_ct_FILECMD=file
ac_cv_prog_ac_ct_OBJDUMP=objdump
ac_cv_prog_ac_ct_RANLIB=ranlib
ac_cv_prog_ac_ct_STRIP=strip
ac_cv_prog_cc_c11=
ac_cv_prog_cc_g=yes
ac_cv_prog_cc_stdc=
ac_cv_prog_cxx_cxx11=
ac_cv_prog_cxx_g=yes
ac_cv_prog_cxx_stdcxx=
ac_cv_prog_make_make_set=yes
ac_cv_sys_largefile_opts='none needed'
ac_cv_type__Bool=yes
ac_cv_type_gid_t=yes
ac_cv_type_mode_t=yes
ac_cv_type_off_t=yes
ac_cv_type_size_t=yes
ac_cv_type_uid_t=yes
ac_cv_working_alloca_h=yes
am_cv_CC_dependencies_compiler_type=gcc3
am_cv_CXX_dependencies_compiler_type=gcc3
am_cv_make_support_nested_variables=yes
am_cv_prog_cc_c_o=yes
am_cv_prog_tar_ustar=gnutar
ax_cv_PTHREAD_CLANG=no
ax_cv_PTHREAD_JOINABLE_ATTR=PTHREAD_CREATE_JOINABLE
ax_cv_PTHREAD_PRIO_INHERIT=yes
ax_cv_PTHREAD_SPECIAL_FLAGS=no
ax_cv_cxx_compile_cxx14__std_cpp14=yes
lt_cv_ar_at_file=@
lt_cv_archive_cmds_need_lc=no
lt_cv_deplibs_check_method=pass_all
lt_cv_file_magic_cmd='$MAGIC_CMD'
lt_cv_file_magic_test_file=
lt_cv_ld_reload_flag=-r
lt_cv_nm_interface='BSD nm'
lt_cv_objdir=.libs
lt_cv_path_LD=/usr/bin/ld
lt_cv_path_LDCXX='/usr/bin/ld -m elf_x86_64'
lt_cv_path_NM='/usr/bin/nm -B'
lt_cv_path_mainfest_tool=no
lt_cv_prog_compiler_c_o=yes
lt_cv_prog_compiler_c_o_CXX=yes
lt_cv_prog_compiler_pic='-fPIC -DPIC'
lt_cv_prog_compiler_pic_CXX='-fPIC -DPIC'
lt_cv_prog_compiler_pic_works=yes
lt_cv_prog_compiler_pic_works_CXX=yes
lt_cv_prog_compiler_rtti_exceptions=no
lt_cv_prog_compiler_static_works=no
lt_cv_prog_compiler_static_works_CXX=no
lt_cv_prog_gnu_ld=yes
lt_cv_prog_gnu_ldcxx=yes
lt_cv_sharedlib_from_linklib_cmd='printf %s\n'
lt_cv_shlibpath_overrides_runpath=yes
lt_cv_sys_global_symbol_pipe='/usr/bin/sed -n -e '\''s/^.*[	 ]\([ABCDGIRSTW][ABCDGIRSTW]*\)[	 ][	 ]*\([_A-Za-z][_A-Za-z0-9]*\)$/\1 \2 \2/p'\'' | /usr/bin/sed '\''/ __gnu_lto/d'\'''
lt_cv_sys_global_symbol_to_c_name_address='/usr/bin/sed -n -e '\''s/^: \(.*\) .*$/  {"\1", (void *) 0},/p'\'' -e '\''s/^[ABCDGIRSTW][ABCDGIRSTW]* .* \(.*\)$/  {"\1", (void *) \&\1},/p'\'''
lt_cv_sys_global_symbol_to_c_name_address_lib_prefix='/usr/bin/sed -n -e '\''s/^: \(.*\) .*$/  {"\1", (void *) 0},/p'\'' -e '\''s/^[ABCDGIRSTW][ABCDGIRSTW]* .* \(lib.*\)$/  {"\1", (void *) \&\1},/p'\'' -e '\''s/^[ABCDGIRSTW][ABCDGIRSTW]* .* \(.*\)$/  {"lib\1", (void *) \&\1},/p'\'''
lt_cv_sys_global_symbol_to_cdecl='/usr/bin/sed -n -e '\''s/^T .* \(.*\)$/extern int \1();/p'\'' -e '\''s/^[ABCDGIRSTW][ABCDGIRSTW]* .* \(.*\)$/extern char \1;/p'\'''
lt_cv_sys_global_symbol_to_import=
lt_cv_sys_max_cmd_len=1572864
lt_cv_to_host_file_cmd=func_convert_file_noop
lt_cv_to_tool_file_cmd=func_convert_file_noop
lt_cv_truncate_bin='/usr/bin/dd bs=4096 count=1'

## ----------------- ##
## Output variables. ##
## ----------------- ##

ACLOCAL='${SHELL} '\''/home/lordyesta/Projects/pytsk/sleuthkit/config/missing'\'' aclocal-1.16'
AFF4_CFLAGS=''
AFF4_CPPFLAGS=''
AFF4_CXXFLAGS=''
AFF4_LDFLAGS=''
AFF4_LIBS=''
AFFLIB_CFLAGS=''
AFFLIB_CPPFLAGS=''
AFFLIB_CXXFLAGS=''
AFFLIB_LDFLAGS=''
AFFLIB_LIBS=''
ALLOCA=''
AMDEPBACKSLASH='\'
AMDEP_FALSE='#'
AMDEP_TRUE=''
AMTAR='$${TAR-tar}'
AM_BACKSLASH='\'
AM_DEFAULT_V='$(AM_DEFAULT_VERBOSITY)'
AM_DEFAULT_VERBOSITY='1'
AM_V='$(V)'
ANT='no'
AR='ar'
AUTOCONF='${SHELL} '\''/home/lordyesta/Projects/pytsk/sleuthkit/config/missing'\'' autoconf'
AUTOHEADER='${SHELL} '\''/home/lordyesta/Projects/pytsk/sleuthkit/config/missing'\'' autoheader'
AUTOMAKE='${SHELL} '\''/home/lordyesta/Projects/pytsk/sleuthkit/config/missing'\'' automake-1.16'
AWK='gawk'
AX_PACKAGE_REQUIRES=' '
AX_PACKAGE_REQUIRES_PRIVATE=''
BFIO_CFLAGS=''
BFIO_CPPFLAGS=''
BFIO_CXXFLAGS=''
BFIO_LDFLAGS=''
BFIO_LIBS=''
BUILD_STATIC_FALSE=''
BUILD_STATIC_TRUE='#'
CC='gcc'
CCDEPMODE='depmode=gcc3'
CFLAGS='-g -O2'
CPP='gcc -E'
CPPFLAGS=''
CRYPTO_CFLAGS=''
CRYPTO_CPPFLAGS=''
CRYPTO_CXXFLAGS=''
CRYPTO_LDFLAGS=''
CRYPTO_LIBS=''
CSCOPE='cscope'
CTAGS='ctags'
CUSTOM_DEFAULT_JAR_LOCATION_FALSE=''
CUSTOM_DEFAULT_JAR_LOCATION_TRUE='#'
CXX='g++ -std=c++14'
CXXCPP='g++ -E -std=c++14'
CXXDEPMODE='depmode=gcc3'
CXXFLAGS='-g -O2'
CXXLD='g++ -std=c++14'
CYGPATH_W='echo'
DEFAULT_JAR_LOCATION=''
DEFS='-DHAVE_CONFIG_H'
DEPDIR='.deps'
DLLTOOL='false'
DSYMUTIL=''
DUMPBIN=''
ECHO_C=''
ECHO_N='-n'
ECHO_T=''
EGREP='/usr/bin/grep -E'
ETAGS='etags'
EWF_CFLAGS=''
EWF_CPPFLAGS=''
EWF_CXXFLAGS=''
EWF_LDFLAGS=''
EWF_LIBS=''
EXEEXT=''
FGREP='/usr/bin/grep -F'
FILECMD='file'
GREP='/usr/bin/grep'
HAVE_AFF_FALSE=''
HAVE_AFF_TRUE='#'
HAVE_CXX14='1'
HAVE_E01_FALSE=''
HAVE_E01_TRUE='#'
HAVE_LIBSQLITE3_FALSE=''
HAVE_LIBSQLITE3_TRUE='#'
HAVE_LIB_FUZZING_ENGINE_FALSE=''
HAVE_LIB_FUZZING_ENGINE_TRUE='#'
HAVE_QCOW_FALSE=''
HAVE_QCOW_TRUE='#'
HAVE_VHD_FALSE=''
HAVE_VHD_TRUE='#'
HAVE_VMDK_FALSE=''
HAVE_VMDK_TRUE='#'
INSTALL_DATA='${INSTALL} -m 644'
INSTALL_PROGRAM='${INSTALL}'
INSTALL_SCRIPT='${INSTALL}'
INSTALL_STRIP_PROGRAM='$(install_sh) -c -s'
JAVA=''
JAVAC=''
JNI_CPPFLAGS=''
LD='/usr/bin/ld -m elf_x86_64'
LDFLAGS=''
LIBOBJS=''
LIBS='-lstdc++ '
LIBTOOL='$(SHELL) $(top_builddir)/libtool'
LIBTSK_LDFLAGS=''
LIB_FUZZING_ENGINE=''
LIPO=''
LN_S='ln -s'
LTLIBOBJS=''
LT_SYS_LIBRARY_PATH=''
MAINT='#'
MAINTAINER_MODE_FALSE=''
MAINTAINER_MODE_TRUE='#'
MAKEINFO='${SHELL} '\''/home/lordyesta/Projects/pytsk/sleuthkit/config/missing'\'' makeinfo'
MANIFEST_TOOL=':'
MKDIR_P='/usr/bin/mkdir -p'
NM='/usr/bin/nm -B'
NMEDIT=''
OBJDUMP='objdump'
OBJEXT='o'
OFFLINE_FALSE=''
OFFLINE_TRUE='#'
OTOOL64=''
OTOOL=''
PACKAGE='sleuthkit'
PACKAGE_BUGREPORT=''
PACKAGE_LIBS_PRIVATE=''
PACKAGE_NAME='sleuthkit'
PACKAGE_STRING='sleuthkit 4.13.0'
PACKAGE_TARNAME='sleuthkit'
PACKAGE_URL=''
PACKAGE_VERSION='4.13.0'
PATH_SEPARATOR=':'
PERL='/usr/bin/perl'
PKGCONFIG='yes'
PKG_CONFIG='/usr/bin/pkg-config'
PKG_CONFIG_LIBDIR=''
PKG_CONFIG_PATH=''
PTHREAD_CC='gcc'
PTHREAD_CFLAGS='-pthread'
PTHREAD_CXX='g++ -std=c++14'
PTHREAD_LIBS='-lpthread'
QCOW_CFLAGS=''
QCOW_CPPFLAGS=''
QCOW_CXXFLAGS=''
QCOW_LDFLAGS=''
QCOW_LIBS=''
RANLIB='ranlib'
SED='/usr/bin/sed'
SET_MAKE=''
SHELL='/bin/sh'
SQLITE3_CFLAGS=''
SQLITE3_CPPFLAGS='-DSQLITE_OMIT_LOAD_EXTENSION'
SQLITE3_CXXFLAGS=''
SQLITE3_LIBS=''
STDCPP_LIBS='-lstdc++'
STRIP='strip'
USE_WINE_FALSE=''
USE_WINE_TRUE='#'
VERSION='4.13.0'
VHDI_CFLAGS=''
VHDI_CPPFLAGS=''
VHDI_CXXFLAGS=''
VHDI_LDFLAGS=''
VHDI_LIBS=''
VMDK_CFLAGS=''
VMDK_CPPFLAGS=''
VMDK_CXXFLAGS=''
VMDK_LDFLAGS=''
VMDK_LIBS=''
VSLVM_CFLAGS=''
VSLVM_CPPFLAGS=''
VSLVM_CXXFLAGS=''
VSLVM_LDFLAGS=''
VSLVM_LIBS=''
X_JNI_FALSE=''
X_JNI_TRUE='#'
ZLIB_CFLAGS=''
ZLIB_CPPFLAGS=''
ZLIB_CXXFLAGS=''
ZLIB_LDFLAGS=''
ZLIB_LIBS=''
_ACJNI_JAVAC=''
ac_ct_AR='ar'
ac_ct_CC='gcc'
ac_ct_CXX='g++'
ac_ct_DUMPBIN=''
am__EXEEXT_FALSE=''
am__EXEEXT_TRUE='#'
am__fastdepCC_FALSE='#'
am__fastdepCC_TRUE=''
am__fastdepCXX_FALSE='#'
am__fastdepCXX_TRUE=''
am__include='include'
am__isrc=''
am__leading_dot='.'
am__nodep='_no'
am__quote=''
am__tar='tar --format=ustar -chf - "$$tardir"'
am__untar='tar -xf -'
ax_pthread_config=''
bindir='${exec_prefix}/bin'
build='x86_64-pc-linux-gnu'
build_alias=''
build_cpu='x86_64'
build_os='linux-gnu'
build_vendor='pc'
datadir='${datarootdir}'
datarootdir='${prefix}/share'
docdir='${datarootdir}/doc/${PACKAGE_TARNAME}'
dvidir='${docdir}'
exec_prefix='${prefix}'
host='x86_64-pc-linux-gnu'
host_alias=''
host_cpu='x86_64'
host_os='linux-gnu'
host_vendor='pc'
htmldir='${docdir}'
includedir='${prefix}/include'
infodir='${datarootdir}/info'
install_sh='${SHELL} /home/lordyesta/Projects/pytsk/sleuthkit/config/install-sh'
libdir='${exec_prefix}/lib'
libexecdir='${exec_prefix}/libexec'
localedir='${datarootdir}/locale'
localstatedir='${prefix}/var'
mandir='${datarootdir}/man'
mkdir_p='$(MKDIR_P)'
oldincludedir='/usr/include'
pdfdir='${docdir}'
prefix='/usr/local'
program_transform_name='s,x,x,'
psdir='${docdir}'
runstatedir='${localstatedir}/run'
sbindir='${exec_prefix}/sbin'
sharedstatedir='${prefix}/com'
sysconfdir='${prefix}/etc'
target_alias=''

## ----------- ##
## confdefs.h. ##
## ----------- ##

/* confdefs.h */
#define PACKAGE_NAME "sleuthkit"
#define PACKAGE_TARNAME "sleuthkit"
#define PACKAGE_VERSION "4.13.0"
#define PACKAGE_STRING "sleuthkit 4.13.0"
#define PACKAGE_BUGREPORT ""
#define PACKAGE_URL ""
#define PACKAGE "sleuthkit"
#define VERSION "4.13.0"
#define HAVE_STDIO_H 1
#define HAVE_STDLIB_H 1
#define HAVE_STRING_H 1
#define HAVE_INTTYPES_H 1
#define HAVE_STDINT_H 1
#define HAVE_STRINGS_H 1
#define HAVE_SYS_STAT_H 1
#define HAVE_SYS_TYPES_H 1
#define HAVE_UNISTD_H 1
#define HAVE_SYS_SELECT_H 1
#define HAVE_SYS_SOCKET_H 1
#define HAVE_UTIME_H 1
#define STDC_HEADERS 1
#define HAVE_DLFCN_H 1
#define LT_OBJDIR ".libs/"
#define HAVE_CXX14 1
#define HAVE_ERR_H 1
#define HAVE_INTTYPES_H 1
#define HAVE_UNISTD_H 1
#define HAVE_STDINT_H 1
#define HAVE_SYS_PARAM_H 1
#define HAVE_SYS_RESOURCE_H 1
#define HAVE__BOOL 1
#define HAVE_STDBOOL_H 1
#define HAVE_ALLOCA_H 1
#define HAVE_ALLOCA 1
#define HAVE_FSEEKO 1
#define LSTAT_FOLLOWS_SLASHED_SYMLINK 1
#define LSTAT_FOLLOWS_SLASHED_SYMLINK 1
#define SELECT_TYPE_ARG1 int
#define SELECT_TYPE_ARG234 (fd_set *)
#define SELECT_TYPE_ARG5 (struct timeval *)
#define HAVE_UTIME_NULL 1
#define HAVE_VPRINTF 1
#define HAVE_ERR 1
#define HAVE_ERRX 1
#define HAVE_WARN 1
#define HAVE_WARNX 1
#define HAVE_VASPRINTF 1
#define HAVE_GETRUSAGE 1
#define HAVE_STRLCPY 1
#define HAVE_STRLCAT 1
#define HAVE_STRNLEN 1
#define HAVE_PTHREAD_PRIO_INHERIT 1
#define HAVE_PTHREAD 1
#define HAVE_LIBSTDC__ 1
#define HAVE_OPENSSL_PEM_H 1
#define HAVE_GETLINE 1

configure: exit 0
