 nr.     times     cpu time      cpu    wall clock      wc  level                          routine name
        called    in seconds      %     in seconds       %    2    3    4    5    6    7
    1          1  0.281250D+00  100.00  0.273000D+00  100.00                               integration_schemes                     
    2          1  0.000000D+00    0.00  0.200009D-02         0.73                          initialize_all_conditions               
    3          1  0.000000D+00    0.00  0.000000D+00              0.00                     initialize_fixed_conditions             
    4          1  0.000000D+00    0.00  0.000000D+00              0.00                     initialize_variables                    
    5          1  0.000000D+00    0.00  0.000000D+00              0.00                     initialize_output                       
    6          1  0.000000D+00    0.00  0.000000D+00              0.00                     chknmr                                  
    7          1  0.000000D+00    0.00  0.100017D-02              0.37                     initialize_time_dependent_variables     
    8          8  0.000000D+00    0.00  0.100017D-02                   0.37                dlwqt1                                  
    9          3  0.000000D+00    0.00  0.000000D+00                        0.00           dlwqt3                                  
   10          3  0.000000D+00    0.00  0.100017D-02                        0.37           dlwqt4                                  
   11          1  0.000000D+00    0.00  0.000000D+00                        0.00           dlwqib                                  
   12          1  0.000000D+00    0.00  0.000000D+00                        0.00           dlwqtb                                  
   13          8  0.000000D+00    0.00  0.000000D+00                             0.00      dlwmis                                  
   14          1  0.000000D+00    0.00  0.000000D+00                   0.00                dlwqta                                  
   15          1  0.000000D+00    0.00  0.000000D+00                        0.00           evaluate_data_block                     
   16          1  0.000000D+00    0.00  0.000000D+00                   0.00                dlwqtk                                  
   17          1  0.000000D+00    0.00  0.000000D+00              0.00                     delpar00                                
   18          1  0.000000D+00    0.00  0.000000D+00         0.00                          dlwqf5                                  
   19          1  0.281250D+00  100.00  0.271000D+00        99.27                          integration_scheme_15                   
   20        366  0.000000D+00    0.00  0.999928D-03              0.37                     hsurf                                   
   21        366  0.000000D+00    0.00  0.999928D-03              0.37                     set_dry_cells_to_zero_and_update_volumes
   22        366  0.000000D+00    0.00  0.000000D+00              0.00                     setset                                  
   23        366  0.000000D+00    0.00  0.000000D+00              0.00                     proces                                  
   24        366  0.000000D+00    0.00  0.000000D+00              0.00                     dlwq17                                  
   25        366  0.125000D+00   44.44  0.141999D+00             52.01                     write_output                            
   26       4392  0.000000D+00    0.00  0.199986D-02                   0.73                evaluate_timers                         
   27       2564  0.156250D-01    5.56  0.000000D+00                   0.00                update_base_grid_local_array            
   28       1465  0.000000D+00    0.00  0.000000D+00                   0.00                fill_output_buffer_sub_grid             
   29        366  0.468750D-01   16.67  0.219998D-01                   8.06                outmo3                                  
   30        732  0.312500D-01   11.11  0.100017D-02                        0.37           outmo2                                  
   31       1099  0.000000D+00    0.00  0.100017D-02                   0.37                fill_output_buffer_base_grid            
   32        366  0.000000D+00    0.00  0.500011D-02                   1.83                write_binary_map_output                 
   33        366  0.000000D+00    0.00  0.000000D+00                   0.00                write_netcdf_history_output             
   34        366  0.625000D-01   22.22  0.104999D+00                  38.46                write_netcdf_map_output                 
   35        366  0.000000D+00    0.00  0.000000D+00              0.00                     zercum                                  
   36        365  0.000000D+00    0.00  0.000000D+00              0.00                     dlwq18                                  
   37        365  0.000000D+00    0.00  0.000000D+00              0.00                     dlwq14                                  
   38        365  0.000000D+00    0.00  0.999928D-03              0.37                     dlwq41                                  
   39        365  0.000000D+00    0.00  0.999928D-03                   0.37                dlwqt1                                  
   40        365  0.000000D+00    0.00  0.000000D+00                        0.00           dlwqt3                                  
   41        365  0.000000D+00    0.00  0.999928D-03                        0.37           dlwqt4                                  
   42        365  0.000000D+00    0.00  0.000000D+00              0.00                     identify_wet_cells                      
   43        365  0.000000D+00    0.00  0.999928D-03              0.37                     dlwqf1                                  
   44        365  0.000000D+00    0.00  0.000000D+00              0.00                     dlwq15                                  
   45        365  0.000000D+00    0.00  0.300002D-02              1.10                     dlwqm7                                  
   46        365  0.140625D+00   50.00  0.115001D+00             42.13                     ADE solver                              
   47       4380  0.000000D+00    0.00  0.199986D-02                   0.73                dlwqm0                                  
   48       4380  0.000000D+00    0.00  0.600028D-02                   2.20                dlwqf3                                  
   49       4380  0.000000D+00    0.00  0.200033D-02                   0.73                dlwqf4                                  
   50       4380  0.140625D+00   50.00  0.930011D-01                  34.07                sgmres                                  
   51      12410  0.000000D+00    0.00  0.400019D-02                        1.47           matvec                                  
   52      12775  0.312500D-01   11.11  0.239997D-01                        8.79           psolve                                  
   53      12775  0.000000D+00    0.00  0.699997D-02                             2.56      lsolve                                  
   54      12775  0.156250D-01    5.56  0.499988D-02                             1.83      usolve                                  
   55       4015  0.000000D+00    0.00  0.000000D+00                        0.00           basis                                   
   56       4015  0.000000D+00    0.00  0.999928D-03                        0.37           srotg                                   
   57       8030  0.000000D+00    0.00  0.399971D-02                        1.47           apply_plane_rotation                    
   58       4015  0.109375D+00   38.89  0.470016D-01                       17.22           updats                                  
   59       4015  0.781250D-01   27.78  0.340014D-01                            12.45      strsv                                   
   60      40150  0.312500D-01   11.11  0.180006D-01                                  6.59 lsame                                   
   61       4015  0.312500D-01   11.11  0.110004D-01                             4.03      sgemv                                   
   62      20075  0.156250D-01    5.56  0.500011D-02                                  1.83 lsame                                   
   63       4380  0.000000D+00    0.00  0.300002D-02                   1.10                dlwqf7                                  
   64        365  0.000000D+00    0.00  0.000000D+00              0.00                     dlwqb4                                  
   65        365  0.000000D+00    0.00  0.299978D-02              1.10                     initialize_time_dependent_variables     
   66       1095  0.000000D+00    0.00  0.999928D-03                   0.37                dlwqt1                                  
   67        730  0.000000D+00    0.00  0.000000D+00                        0.00           dlwqt3                                  
   68        730  0.000000D+00    0.00  0.000000D+00                        0.00           dlwqt4                                  
   69        365  0.000000D+00    0.00  0.999928D-03                        0.37           dlwqtb                                  
   70       2920  0.000000D+00    0.00  0.000000D+00                             0.00      dlwmis                                  
   71        365  0.000000D+00    0.00  0.000000D+00                   0.00                dlwqta                                  
   72        365  0.000000D+00    0.00  0.000000D+00                   0.00                dlwqtk                                  
   73          1  0.000000D+00    0.00  0.000000D+00              0.00                     write_restart_map_file                  
